{"meta": {"format": 3, "version": "7.13.5", "timestamp": "2026-03-25T22:42:25.568586", "branch_coverage": false, "show_contexts": false}, "files": {"netcontrol\\__init__.py": {"executed_lines": [], "summary": {"covered_lines": 0, "num_statements": 0, "percent_covered": 100.0, "percent_covered_display": "100", "missing_lines": 0, "excluded_lines": 0, "percent_statements_covered": 100.0, "percent_statements_covered_display": "100"}, "missing_lines": [], "excluded_lines": [], "functions": {"": {"executed_lines": [], "summary": {"covered_lines": 0, "num_statements": 0, "percent_covered": 100.0, "percent_covered_display": "100", "missing_lines": 0, "excluded_lines": 0, "percent_statements_covered": 100.0, "percent_statements_covered_display": "100"}, "missing_lines": [], "excluded_lines": [], "start_line": 1}}, "classes": {"": {"executed_lines": [], "summary": {"covered_lines": 0, "num_statements": 0, "percent_covered": 100.0, "percent_covered_display": "100", "missing_lines": 0, "excluded_lines": 0, "percent_statements_covered": 100.0, "percent_statements_covered_display": "100"}, "missing_lines": [], "excluded_lines": [], "start_line": 1}}}, "netcontrol\\_refactor_app.py": {"executed_lines": [], "summary": {"covered_lines": 0, "num_statements": 54, "percent_covered": 0.0, "percent_covered_display": "0", "missing_lines": 54, "excluded_lines": 0, "percent_statements_covered": 0.0, "percent_statements_covered_display": "0"}, "missing_lines": [7, 9, 10, 12, 21, 22, 24, 25, 26, 27, 29, 36, 37, 39, 40, 41, 42, 44, 53, 54, 56, 57, 58, 59, 61, 69, 70, 72, 73, 74, 75, 77, 85, 86, 88, 89, 90, 91, 93, 101, 106, 107, 108, 109, 111, 149, 155, 156, 157, 163, 164, 181, 182, 184], "excluded_lines": [], "functions": {"": {"executed_lines": [], "summary": {"covered_lines": 0, "num_statements": 54, "percent_covered": 0.0, "percent_covered_display": "0", "missing_lines": 54, "excluded_lines": 0, "percent_statements_covered": 0.0, "percent_statements_covered_display": "0"}, "missing_lines": [7, 9, 10, 12, 21, 22, 24, 25, 26, 27, 29, 36, 37, 39, 40, 41, 42, 44, 53, 54, 56, 57, 58, 59, 61, 69, 70, 72, 73, 74, 75, 77, 85, 86, 88, 89, 90, 91, 93, 101, 106, 107, 108, 109, 111, 149, 155, 156, 157, 163, 164, 181, 182, 184], "excluded_lines": [], "start_line": 1}}, "classes": {"": {"executed_lines": [], "summary": {"covered_lines": 0, "num_statements": 54, "percent_covered": 0.0, "percent_covered_display": "0", "missing_lines": 54, "excluded_lines": 0, "percent_statements_covered": 0.0, "percent_statements_covered_display": "0"}, "missing_lines": [7, 9, 10, 12, 21, 22, 24, 25, 26, 27, 29, 36, 37, 39, 40, 41, 42, 44, 53, 54, 56, 57, 58, 59, 61, 69, 70, 72, 73, 74, 75, 77, 85, 86, 88, 89, 90, 91, 93, 101, 106, 107, 108, 109, 111, 149, 155, 156, 157, 163, 164, 181, 182, 184], "excluded_lines": [], "start_line": 1}}}, "netcontrol\\app.py": {"executed_lines": [9, 10, 11, 12, 13, 14, 15, 16, 17, 18, 19, 20, 21, 23, 24, 25, 26, 27, 30, 31, 34, 36, 37, 39, 56, 74, 88, 94, 105, 106, 107, 108, 123, 140, 148, 154, 167, 176, 177, 187, 197, 198, 208, 209, 211, 213, 214, 215, 217, 218, 220, 221, 224, 226, 227, 229, 230, 231, 234, 235, 238, 239, 240, 245, 246, 247, 248, 256, 257, 260, 262, 263, 266, 268, 269, 270, 271, 272, 273, 276, 277, 278, 279, 280, 281, 284, 285, 288, 289, 290, 291, 292, 293, 294, 295, 305, 306, 309, 310, 311, 312, 323, 324, 325, 328, 329, 332, 334, 335, 337, 338, 339, 344, 347, 357, 358, 361, 363, 364, 365, 366, 373, 375, 378, 386, 389, 391, 392, 394, 397, 398, 399, 401, 402, 404, 405, 407, 408, 412, 413, 414, 415, 420, 423, 432, 433, 434, 436, 437, 438, 439, 440, 441, 442, 443, 444, 445, 446, 447, 448, 449, 450, 451, 452, 453, 454, 455, 456, 457, 458, 459, 460, 461, 462, 463, 464, 465, 466, 467, 468, 469, 470, 471, 472, 473, 474, 475, 476, 477, 478, 481, 484, 485, 486, 487, 490, 491, 492, 493, 494, 495, 496, 497, 498, 499, 500, 501, 502, 505, 506, 507, 508, 511, 514, 515, 516, 517, 519, 520, 521, 528, 535, 538, 539, 540, 541, 544, 545, 553, 554, 555, 556, 557, 558, 559, 560, 561, 562, 563, 564, 565, 566, 567, 568, 569, 570, 571, 572, 573, 574, 575, 576, 577, 580, 581, 592, 594, 596, 597, 598, 609, 610, 612, 613, 614, 615, 617, 618, 620, 621, 622, 623, 624, 625, 626, 627, 628, 629, 630, 631, 632, 633, 634, 635, 636, 637, 639, 640, 641, 642, 643, 644, 645, 646, 647, 648, 649, 650, 651, 652, 653, 654, 655, 656, 657, 658, 659, 660, 661, 662, 663, 664, 665, 666, 667, 668, 669, 670, 671, 672, 673, 674, 675, 676, 677, 678, 679, 680, 681, 682, 683, 686, 688, 689, 690, 716, 719, 729, 738, 740, 744, 748, 752, 756, 761, 770, 771, 777, 795, 798, 799, 805, 806, 807, 808, 809, 812, 813, 814, 815, 816, 817, 826, 827, 828, 829, 830, 831, 834, 835, 840, 841, 843, 846, 847, 859, 860, 861, 864, 865, 866, 867, 870, 871, 879, 880, 888, 889, 890, 898, 899, 911, 912, 913, 914, 915, 916, 917, 918, 921, 925, 927, 931, 936, 940, 945, 949, 951, 956, 960, 965, 970, 974, 976, 980, 985, 989, 994, 999, 1009, 1010, 1013, 1014, 1016, 1017, 1025, 1026], "summary": {"covered_lines": 427, "num_statements": 535, "percent_covered": 79.81308411214954, "percent_covered_display": "80", "missing_lines": 108, "excluded_lines": 0, "percent_statements_covered": 79.81308411214954, "percent_statements_covered_display": "80"}, "missing_lines": [219, 313, 314, 315, 316, 317, 318, 319, 320, 336, 349, 350, 351, 352, 353, 354, 367, 368, 369, 393, 395, 406, 409, 425, 426, 427, 428, 509, 510, 522, 527, 529, 534, 542, 543, 546, 547, 548, 549, 550, 582, 583, 584, 585, 586, 587, 588, 589, 590, 591, 599, 600, 601, 602, 691, 692, 693, 694, 695, 696, 697, 698, 705, 706, 707, 709, 710, 711, 712, 713, 779, 781, 782, 783, 784, 785, 786, 787, 788, 793, 794, 818, 819, 820, 821, 822, 823, 824, 842, 862, 872, 873, 875, 876, 881, 882, 883, 884, 885, 900, 901, 902, 903, 1019, 1020, 1022, 1023, 1028], "excluded_lines": [], "functions": {"_generate_csrf_token": {"executed_lines": [262, 263], "summary": {"covered_lines": 2, "num_statements": 2, "percent_covered": 100.0, "percent_covered_display": "100", "missing_lines": 0, "excluded_lines": 0, "percent_statements_covered": 100.0, "percent_statements_covered_display": "100"}, "missing_lines": [], "excluded_lines": [], "start_line": 260}, "_validate_csrf_token": {"executed_lines": [268, 269, 270, 271, 272, 273], "summary": {"covered_lines": 6, "num_statements": 6, "percent_covered": 100.0, "percent_covered_display": "100", "missing_lines": 0, "excluded_lines": 0, "percent_statements_covered": 100.0, "percent_statements_covered_display": "100"}, "missing_lines": [], "excluded_lines": [], "start_line": 266}, "_validate_startup_config": {"executed_lines": [277, 278, 279, 280, 281], "summary": {"covered_lines": 5, "num_statements": 5, "percent_covered": 100.0, "percent_covered_display": "100", "missing_lines": 0, "excluded_lines": 0, "percent_statements_covered": 100.0, "percent_statements_covered_display": "100"}, "missing_lines": [], "excluded_lines": [], "start_line": 276}, "_extract_api_token": {"executed_lines": [289, 290, 291, 292, 293, 294, 295], "summary": {"covered_lines": 7, "num_statements": 7, "percent_covered": 100.0, "percent_covered_display": "100", "missing_lines": 0, "excluded_lines": 0, "percent_statements_covered": 100.0, "percent_statements_covered_display": "100"}, "missing_lines": [], "excluded_lines": [], "start_line": 288}, "_load_or_create_secret_key": {"executed_lines": [310, 311, 312], "summary": {"covered_lines": 3, "num_statements": 11, "percent_covered": 27.272727272727273, "percent_covered_display": "27", "missing_lines": 8, "excluded_lines": 0, "percent_statements_covered": 27.272727272727273, "percent_statements_covered_display": "27"}, "missing_lines": [313, 314, 315, 316, 317, 318, 319, 320], "excluded_lines": [], "start_line": 309}, "_hash_password": {"executed_lines": [329], "summary": {"covered_lines": 1, "num_statements": 1, "percent_covered": 100.0, "percent_covered_display": "100", "missing_lines": 0, "excluded_lines": 0, "percent_statements_covered": 100.0, "percent_statements_covered_display": "100"}, "missing_lines": [], "excluded_lines": [], "start_line": 328}, "_ensure_default_admin": {"executed_lines": [334, 335, 337, 338, 339, 344], "summary": {"covered_lines": 6, "num_statements": 7, "percent_covered": 85.71428571428571, "percent_covered_display": "86", "missing_lines": 1, "excluded_lines": 0, "percent_statements_covered": 85.71428571428571, "percent_statements_covered_display": "86"}, "missing_lines": [336], "excluded_lines": [], "start_line": 332}, "verify_user": {"executed_lines": [], "summary": {"covered_lines": 0, "num_statements": 6, "percent_covered": 0.0, "percent_covered_display": "0", "missing_lines": 6, "excluded_lines": 0, "percent_statements_covered": 0.0, "percent_statements_covered_display": "0"}, "missing_lines": [349, 350, 351, 352, 353, 354], "excluded_lines": [], "start_line": 347}, "create_session_token": {"executed_lines": [358], "summary": {"covered_lines": 1, "num_statements": 1, "percent_covered": 100.0, "percent_covered_display": "100", "missing_lines": 0, "excluded_lines": 0, "percent_statements_covered": 100.0, "percent_statements_covered_display": "100"}, "missing_lines": [], "excluded_lines": [], "start_line": 357}, "verify_session_token": {"executed_lines": [363, 364, 365, 366], "summary": {"covered_lines": 4, "num_statements": 7, "percent_covered": 57.142857142857146, "percent_covered_display": "57", "missing_lines": 3, "excluded_lines": 0, "percent_statements_covered": 57.142857142857146, "percent_statements_covered_display": "57"}, "missing_lines": [367, 368, 369], "excluded_lines": [], "start_line": 361}, "require_auth": {"executed_lines": [391, 392, 394, 397, 398, 399, 401, 402, 404, 405, 407, 408, 412, 413, 414, 415, 420], "summary": {"covered_lines": 17, "num_statements": 21, "percent_covered": 80.95238095238095, "percent_covered_display": "81", "missing_lines": 4, "excluded_lines": 0, "percent_statements_covered": 80.95238095238095, "percent_statements_covered_display": "81"}, "missing_lines": [393, 395, 406, 409], "excluded_lines": [], "start_line": 389}, "_get_session": {"executed_lines": [], "summary": {"covered_lines": 0, "num_statements": 4, "percent_covered": 0.0, "percent_covered_display": "0", "missing_lines": 4, "excluded_lines": 0, "percent_statements_covered": 0.0, "percent_statements_covered_display": "0"}, "missing_lines": [425, 426, 427, 428], "excluded_lines": [], "start_line": 423}, "_cleanup_expired_jobs": {"executed_lines": [506, 507, 508, 511], "summary": {"covered_lines": 4, "num_statements": 6, "percent_covered": 66.66666666666667, "percent_covered_display": "67", "missing_lines": 2, "excluded_lines": 0, "percent_statements_covered": 66.66666666666667, "percent_statements_covered_display": "67"}, "missing_lines": [509, 510], "excluded_lines": [], "start_line": 505}, "_cleanup_expired_converter_sessions": {"executed_lines": [515, 516, 517, 519, 520, 521, 528, 535], "summary": {"covered_lines": 8, "num_statements": 12, "percent_covered": 66.66666666666667, "percent_covered_display": "67", "missing_lines": 4, "excluded_lines": 0, "percent_statements_covered": 66.66666666666667, "percent_statements_covered_display": "67"}, "missing_lines": [522, 527, 529, 534], "excluded_lines": [], "start_line": 514}, "_job_retention_cleanup_loop": {"executed_lines": [539, 540, 541, 544, 545], "summary": {"covered_lines": 5, "num_statements": 12, "percent_covered": 41.666666666666664, "percent_covered_display": "42", "missing_lines": 7, "excluded_lines": 0, "percent_statements_covered": 41.666666666666664, "percent_statements_covered_display": "42"}, "missing_lines": [542, 543, 546, 547, 548, 549, 550], "excluded_lines": [], "start_line": 538}, "_load_persisted_security_settings": {"executed_lines": [554, 555, 556, 557, 558, 559, 560, 561, 562, 563, 564, 565, 566, 567, 568, 569, 570, 571, 572, 573, 574, 575, 576, 577], "summary": {"covered_lines": 24, "num_statements": 24, "percent_covered": 100.0, "percent_covered_display": "100", "missing_lines": 0, "excluded_lines": 0, "percent_statements_covered": 100.0, "percent_statements_covered_display": "100"}, "missing_lines": [], "excluded_lines": [], "start_line": 553}, "require_feature": {"executed_lines": [581, 592], "summary": {"covered_lines": 2, "num_statements": 2, "percent_covered": 100.0, "percent_covered_display": "100", "missing_lines": 0, "excluded_lines": 0, "percent_statements_covered": 100.0, "percent_statements_covered_display": "100"}, "missing_lines": [], "excluded_lines": [], "start_line": 580}, "require_feature._dependency": {"executed_lines": [], "summary": {"covered_lines": 0, "num_statements": 10, "percent_covered": 0.0, "percent_covered_display": "0", "missing_lines": 10, "excluded_lines": 0, "percent_statements_covered": 0.0, "percent_statements_covered_display": "0"}, "missing_lines": [582, 583, 584, 585, 586, 587, 588, 589, 590, 591], "excluded_lines": [], "start_line": 581}, "require_admin": {"executed_lines": [596, 597, 598], "summary": {"covered_lines": 3, "num_statements": 7, "percent_covered": 42.857142857142854, "percent_covered_display": "43", "missing_lines": 4, "excluded_lines": 0, "percent_statements_covered": 42.857142857142854, "percent_statements_covered_display": "43"}, "missing_lines": [599, 600, 601, 602], "excluded_lines": [], "start_line": 594}, "lifespan": {"executed_lines": [612, 613, 614, 615, 617, 618, 620, 621, 622, 623, 624, 625, 626, 627, 628, 629, 630, 631, 632, 633, 634, 635, 636, 637, 639, 640, 641, 642, 643, 644, 645, 646, 647, 648, 649, 650, 651, 652, 653, 654, 655, 656, 657, 658, 659, 660, 661, 662, 663, 664, 665, 666, 667, 668, 669, 670, 671, 672, 673, 674, 675, 676, 677, 678, 679, 680, 681, 682, 683], "summary": {"covered_lines": 69, "num_statements": 69, "percent_covered": 100.0, "percent_covered_display": "100", "missing_lines": 0, "excluded_lines": 0, "percent_statements_covered": 100.0, "percent_statements_covered_display": "100"}, "missing_lines": [], "excluded_lines": [], "start_line": 610}, "_migrate_auth_json_users": {"executed_lines": [688, 689, 690], "summary": {"covered_lines": 3, "num_statements": 19, "percent_covered": 15.789473684210526, "percent_covered_display": "16", "missing_lines": 16, "excluded_lines": 0, "percent_statements_covered": 15.789473684210526, "percent_statements_covered_display": "16"}, "missing_lines": [691, 692, 693, 694, 695, 696, 697, 698, 705, 706, 707, 709, 710, 711, 712, 713], "excluded_lines": [], "start_line": 686}, "csrf_protection_middleware": {"executed_lines": [777, 795], "summary": {"covered_lines": 2, "num_statements": 13, "percent_covered": 15.384615384615385, "percent_covered_display": "15", "missing_lines": 11, "excluded_lines": 0, "percent_statements_covered": 15.384615384615385, "percent_statements_covered_display": "15"}, "missing_lines": [779, 781, 782, 783, 784, 785, 786, 787, 788, 793, 794], "excluded_lines": [], "start_line": 771}, "correlation_id_middleware": {"executed_lines": [805, 806, 807, 808, 809], "summary": {"covered_lines": 5, "num_statements": 5, "percent_covered": 100.0, "percent_covered_display": "100", "missing_lines": 0, "excluded_lines": 0, "percent_statements_covered": 100.0, "percent_statements_covered_display": "100"}, "missing_lines": [], "excluded_lines": [], "start_line": 799}, "metrics_and_logging_middleware": {"executed_lines": [814, 815, 816, 817, 826, 827, 828, 829, 830, 831], "summary": {"covered_lines": 10, "num_statements": 17, "percent_covered": 58.8235294117647, "percent_covered_display": "59", "missing_lines": 7, "excluded_lines": 0, "percent_statements_covered": 58.8235294117647, "percent_statements_covered_display": "59"}, "missing_lines": [818, 819, 820, 821, 822, 823, 824], "excluded_lines": [], "start_line": 813}, "security_headers_middleware": {"executed_lines": [840, 841, 843], "summary": {"covered_lines": 3, "num_statements": 4, "percent_covered": 75.0, "percent_covered_display": "75", "missing_lines": 1, "excluded_lines": 0, "percent_statements_covered": 75.0, "percent_statements_covered_display": "75"}, "missing_lines": [842], "excluded_lines": [], "start_line": 835}, "_api_error_response": {"executed_lines": [847], "summary": {"covered_lines": 1, "num_statements": 1, "percent_covered": 100.0, "percent_covered_display": "100", "missing_lines": 0, "excluded_lines": 0, "percent_statements_covered": 100.0, "percent_statements_covered_display": "100"}, "missing_lines": [], "excluded_lines": [], "start_line": 846}, "http_exception_handler": {"executed_lines": [861, 864, 865, 866, 867], "summary": {"covered_lines": 5, "num_statements": 6, "percent_covered": 83.33333333333333, "percent_covered_display": "83", "missing_lines": 1, "excluded_lines": 0, "percent_statements_covered": 83.33333333333333, "percent_statements_covered_display": "83"}, "missing_lines": [862], "excluded_lines": [], "start_line": 860}, "validation_exception_handler": {"executed_lines": [], "summary": {"covered_lines": 0, "num_statements": 4, "percent_covered": 0.0, "percent_covered_display": "0", "missing_lines": 4, "excluded_lines": 0, "percent_statements_covered": 0.0, "percent_statements_covered_display": "0"}, "missing_lines": [872, 873, 875, 876], "excluded_lines": [], "start_line": 871}, "unhandled_exception_handler": {"executed_lines": [], "summary": {"covered_lines": 0, "num_statements": 5, "percent_covered": 0.0, "percent_covered_display": "0", "missing_lines": 5, "excluded_lines": 0, "percent_statements_covered": 0.0, "percent_statements_covered_display": "0"}, "missing_lines": [881, 882, 883, 884, 885], "excluded_lines": [], "start_line": 880}, "health": {"executed_lines": [890], "summary": {"covered_lines": 1, "num_statements": 1, "percent_covered": 100.0, "percent_covered_display": "100", "missing_lines": 0, "excluded_lines": 0, "percent_statements_covered": 100.0, "percent_statements_covered_display": "100"}, "missing_lines": [], "excluded_lines": [], "start_line": 889}, "dashboard": {"executed_lines": [], "summary": {"covered_lines": 0, "num_statements": 4, "percent_covered": 0.0, "percent_covered_display": "0", "missing_lines": 4, "excluded_lines": 0, "percent_statements_covered": 0.0, "percent_statements_covered_display": "0"}, "missing_lines": [900, 901, 902, 903], "excluded_lines": [], "start_line": 899}, "serve_frontend": {"executed_lines": [], "summary": {"covered_lines": 0, "num_statements": 4, "percent_covered": 0.0, "percent_covered_display": "0", "missing_lines": 4, "excluded_lines": 0, "percent_statements_covered": 0.0, "percent_statements_covered_display": "0"}, "missing_lines": [1019, 1020, 1022, 1023], "excluded_lines": [], "start_line": 1017}, "favicon": {"executed_lines": [], "summary": {"covered_lines": 0, "num_statements": 1, "percent_covered": 0.0, "percent_covered_display": "0", "missing_lines": 1, "excluded_lines": 0, "percent_statements_covered": 0.0, "percent_statements_covered_display": "0"}, "missing_lines": [1028], "excluded_lines": [], "start_line": 1026}, "": {"executed_lines": [9, 10, 11, 12, 13, 14, 15, 16, 17, 18, 19, 20, 21, 23, 24, 25, 26, 27, 30, 31, 34, 36, 37, 39, 56, 74, 88, 94, 105, 106, 107, 108, 123, 140, 148, 154, 167, 176, 177, 187, 197, 198, 208, 209, 211, 213, 214, 215, 217, 218, 220, 221, 224, 226, 227, 229, 230, 231, 234, 235, 238, 239, 240, 245, 246, 247, 248, 256, 257, 260, 266, 276, 284, 285, 288, 305, 306, 309, 323, 324, 325, 328, 332, 347, 357, 361, 373, 375, 378, 386, 389, 423, 432, 433, 434, 436, 437, 438, 439, 440, 441, 442, 443, 444, 445, 446, 447, 448, 449, 450, 451, 452, 453, 454, 455, 456, 457, 458, 459, 460, 461, 462, 463, 464, 465, 466, 467, 468, 469, 470, 471, 472, 473, 474, 475, 476, 477, 478, 481, 484, 485, 486, 487, 490, 491, 492, 493, 494, 495, 496, 497, 498, 499, 500, 501, 502, 505, 514, 538, 553, 580, 594, 609, 610, 686, 716, 719, 729, 738, 740, 744, 748, 752, 756, 761, 770, 771, 798, 799, 812, 813, 834, 835, 846, 859, 860, 870, 871, 879, 880, 888, 889, 898, 899, 911, 912, 913, 914, 915, 916, 917, 918, 921, 925, 927, 931, 936, 940, 945, 949, 951, 956, 960, 965, 970, 974, 976, 980, 985, 989, 994, 999, 1009, 1010, 1013, 1014, 1016, 1017, 1025, 1026], "summary": {"covered_lines": 230, "num_statements": 231, "percent_covered": 99.56709956709956, "percent_covered_display": "99", "missing_lines": 1, "excluded_lines": 0, "percent_statements_covered": 99.56709956709956, "percent_statements_covered_display": "99"}, "missing_lines": [219], "excluded_lines": [], "start_line": 1}}, "classes": {"": {"executed_lines": [9, 10, 11, 12, 13, 14, 15, 16, 17, 18, 19, 20, 21, 23, 24, 25, 26, 27, 30, 31, 34, 36, 37, 39, 56, 74, 88, 94, 105, 106, 107, 108, 123, 140, 148, 154, 167, 176, 177, 187, 197, 198, 208, 209, 211, 213, 214, 215, 217, 218, 220, 221, 224, 226, 227, 229, 230, 231, 234, 235, 238, 239, 240, 245, 246, 247, 248, 256, 257, 260, 262, 263, 266, 268, 269, 270, 271, 272, 273, 276, 277, 278, 279, 280, 281, 284, 285, 288, 289, 290, 291, 292, 293, 294, 295, 305, 306, 309, 310, 311, 312, 323, 324, 325, 328, 329, 332, 334, 335, 337, 338, 339, 344, 347, 357, 358, 361, 363, 364, 365, 366, 373, 375, 378, 386, 389, 391, 392, 394, 397, 398, 399, 401, 402, 404, 405, 407, 408, 412, 413, 414, 415, 420, 423, 432, 433, 434, 436, 437, 438, 439, 440, 441, 442, 443, 444, 445, 446, 447, 448, 449, 450, 451, 452, 453, 454, 455, 456, 457, 458, 459, 460, 461, 462, 463, 464, 465, 466, 467, 468, 469, 470, 471, 472, 473, 474, 475, 476, 477, 478, 481, 484, 485, 486, 487, 490, 491, 492, 493, 494, 495, 496, 497, 498, 499, 500, 501, 502, 505, 506, 507, 508, 511, 514, 515, 516, 517, 519, 520, 521, 528, 535, 538, 539, 540, 541, 544, 545, 553, 554, 555, 556, 557, 558, 559, 560, 561, 562, 563, 564, 565, 566, 567, 568, 569, 570, 571, 572, 573, 574, 575, 576, 577, 580, 581, 592, 594, 596, 597, 598, 609, 610, 612, 613, 614, 615, 617, 618, 620, 621, 622, 623, 624, 625, 626, 627, 628, 629, 630, 631, 632, 633, 634, 635, 636, 637, 639, 640, 641, 642, 643, 644, 645, 646, 647, 648, 649, 650, 651, 652, 653, 654, 655, 656, 657, 658, 659, 660, 661, 662, 663, 664, 665, 666, 667, 668, 669, 670, 671, 672, 673, 674, 675, 676, 677, 678, 679, 680, 681, 682, 683, 686, 688, 689, 690, 716, 719, 729, 738, 740, 744, 748, 752, 756, 761, 770, 771, 777, 795, 798, 799, 805, 806, 807, 808, 809, 812, 813, 814, 815, 816, 817, 826, 827, 828, 829, 830, 831, 834, 835, 840, 841, 843, 846, 847, 859, 860, 861, 864, 865, 866, 867, 870, 871, 879, 880, 888, 889, 890, 898, 899, 911, 912, 913, 914, 915, 916, 917, 918, 921, 925, 927, 931, 936, 940, 945, 949, 951, 956, 960, 965, 970, 974, 976, 980, 985, 989, 994, 999, 1009, 1010, 1013, 1014, 1016, 1017, 1025, 1026], "summary": {"covered_lines": 427, "num_statements": 535, "percent_covered": 79.81308411214954, "percent_covered_display": "80", "missing_lines": 108, "excluded_lines": 0, "percent_statements_covered": 79.81308411214954, "percent_statements_covered_display": "80"}, "missing_lines": [219, 313, 314, 315, 316, 317, 318, 319, 320, 336, 349, 350, 351, 352, 353, 354, 367, 368, 369, 393, 395, 406, 409, 425, 426, 427, 428, 509, 510, 522, 527, 529, 534, 542, 543, 546, 547, 548, 549, 550, 582, 583, 584, 585, 586, 587, 588, 589, 590, 591, 599, 600, 601, 602, 691, 692, 693, 694, 695, 696, 697, 698, 705, 706, 707, 709, 710, 711, 712, 713, 779, 781, 782, 783, 784, 785, 786, 787, 788, 793, 794, 818, 819, 820, 821, 822, 823, 824, 842, 862, 872, 873, 875, 876, 881, 882, 883, 884, 885, 900, 901, 902, 903, 1019, 1020, 1022, 1023, 1028], "excluded_lines": [], "start_line": 1}}}, "netcontrol\\routes\\__init__.py": {"executed_lines": [], "summary": {"covered_lines": 0, "num_statements": 0, "percent_covered": 100.0, "percent_covered_display": "100", "missing_lines": 0, "excluded_lines": 0, "percent_statements_covered": 100.0, "percent_statements_covered_display": "100"}, "missing_lines": [], "excluded_lines": [], "functions": {"": {"executed_lines": [], "summary": {"covered_lines": 0, "num_statements": 0, "percent_covered": 100.0, "percent_covered_display": "100", "missing_lines": 0, "excluded_lines": 0, "percent_statements_covered": 100.0, "percent_statements_covered_display": "100"}, "missing_lines": [], "excluded_lines": [], "start_line": 1}}, "classes": {"": {"executed_lines": [], "summary": {"covered_lines": 0, "num_statements": 0, "percent_covered": 100.0, "percent_covered_display": "100", "missing_lines": 0, "excluded_lines": 0, "percent_statements_covered": 100.0, "percent_statements_covered_display": "100"}, "missing_lines": [], "excluded_lines": [], "start_line": 1}}}, "netcontrol\\routes\\admin.py": {"executed_lines": [9, 10, 11, 13, 14, 15, 17, 18, 19, 20, 22, 26, 27, 28, 29, 30, 33, 39, 42, 53, 54, 55, 56, 57, 62, 65, 66, 67, 70, 71, 72, 73, 76, 80, 84, 86, 87, 90, 92, 93, 96, 103, 104, 105, 106, 107, 108, 109, 110, 113, 114, 115, 116, 117, 118, 119, 124, 125, 126, 127, 128, 129, 130, 133, 143, 157, 162, 163, 164, 165, 166, 167, 169, 170, 171, 172, 173, 174, 175, 176, 177, 178, 180, 207, 210, 215, 216, 217, 223, 224, 229, 230, 238, 239, 265, 266, 292, 293, 306, 307, 319, 320, 340, 341, 345, 346, 362, 363, 382, 383, 391, 392, 397, 398, 402, 403, 409, 410, 414, 415, 421, 422, 428, 429, 430, 431, 432, 433, 435, 436, 437], "summary": {"covered_lines": 131, "num_statements": 253, "percent_covered": 51.77865612648221, "percent_covered_display": "52", "missing_lines": 122, "excluded_lines": 0, "percent_statements_covered": 51.77865612648221, "percent_statements_covered_display": "52"}, "missing_lines": [134, 135, 136, 137, 138, 139, 140, 144, 145, 146, 212, 226, 231, 232, 233, 234, 235, 240, 241, 242, 243, 244, 245, 247, 248, 249, 250, 251, 252, 253, 254, 255, 256, 257, 258, 259, 260, 261, 262, 267, 268, 269, 271, 272, 273, 274, 275, 276, 277, 279, 280, 286, 287, 288, 289, 294, 295, 296, 297, 298, 300, 301, 302, 303, 308, 309, 310, 311, 312, 313, 314, 315, 316, 321, 322, 323, 325, 326, 327, 329, 330, 331, 332, 333, 335, 336, 337, 342, 347, 348, 349, 350, 351, 356, 357, 358, 359, 364, 365, 366, 367, 368, 369, 370, 371, 377, 378, 379, 384, 385, 386, 387, 388, 394, 399, 404, 405, 406, 411, 416, 417, 418], "excluded_lines": [], "functions": {"_app_module": {"executed_lines": [39], "summary": {"covered_lines": 1, "num_statements": 1, "percent_covered": 100.0, "percent_covered_display": "100", "missing_lines": 0, "excluded_lines": 0, "percent_statements_covered": 100.0, "percent_statements_covered_display": "100"}, "missing_lines": [], "excluded_lines": [], "start_line": 33}, "init_admin": {"executed_lines": [53, 54, 55, 56, 57], "summary": {"covered_lines": 5, "num_statements": 5, "percent_covered": 100.0, "percent_covered_display": "100", "missing_lines": 0, "excluded_lines": 0, "percent_statements_covered": 100.0, "percent_statements_covered_display": "100"}, "missing_lines": [], "excluded_lines": [], "start_line": 42}, "_validate_feature_keys": {"executed_lines": [], "summary": {"covered_lines": 0, "num_statements": 7, "percent_covered": 0.0, "percent_covered_display": "0", "missing_lines": 7, "excluded_lines": 0, "percent_statements_covered": 0.0, "percent_statements_covered_display": "0"}, "missing_lines": [134, 135, 136, 137, 138, 139, 140], "excluded_lines": [], "start_line": 133}, "_admin_user_payload": {"executed_lines": [], "summary": {"covered_lines": 0, "num_statements": 3, "percent_covered": 0.0, "percent_covered_display": "0", "missing_lines": 3, "excluded_lines": 0, "percent_statements_covered": 0.0, "percent_statements_covered_display": "0"}, "missing_lines": [144, 145, 146], "excluded_lines": [], "start_line": 143}, "_security_check_payload": {"executed_lines": [162, 163, 164, 165, 166, 167, 169, 170, 171, 172, 173, 174, 175, 176, 177, 178, 180], "summary": {"covered_lines": 17, "num_statements": 17, "percent_covered": 100.0, "percent_covered_display": "100", "missing_lines": 0, "excluded_lines": 0, "percent_statements_covered": 100.0, "percent_statements_covered_display": "100"}, "missing_lines": [], "excluded_lines": [], "start_line": 157}, "_admin_dep": {"executed_lines": [], "summary": {"covered_lines": 0, "num_statements": 1, "percent_covered": 0.0, "percent_covered_display": "0", "missing_lines": 1, "excluded_lines": 0, "percent_statements_covered": 0.0, "percent_statements_covered_display": "0"}, "missing_lines": [212], "excluded_lines": [], "start_line": 210}, "admin_capabilities": {"executed_lines": [217], "summary": {"covered_lines": 1, "num_statements": 1, "percent_covered": 100.0, "percent_covered_display": "100", "missing_lines": 0, "excluded_lines": 0, "percent_statements_covered": 100.0, "percent_statements_covered_display": "100"}, "missing_lines": [], "excluded_lines": [], "start_line": 216}, "admin_security_check": {"executed_lines": [], "summary": {"covered_lines": 0, "num_statements": 1, "percent_covered": 0.0, "percent_covered_display": "0", "missing_lines": 1, "excluded_lines": 0, "percent_statements_covered": 0.0, "percent_statements_covered_display": "0"}, "missing_lines": [226], "excluded_lines": [], "start_line": 224}, "admin_list_users": {"executed_lines": [], "summary": {"covered_lines": 0, "num_statements": 5, "percent_covered": 0.0, "percent_covered_display": "0", "missing_lines": 5, "excluded_lines": 0, "percent_statements_covered": 0.0, "percent_statements_covered_display": "0"}, "missing_lines": [231, 232, 233, 234, 235], "excluded_lines": [], "start_line": 230}, "admin_create_user": {"executed_lines": [], "summary": {"covered_lines": 0, "num_statements": 22, "percent_covered": 0.0, "percent_covered_display": "0", "missing_lines": 22, "excluded_lines": 0, "percent_statements_covered": 0.0, "percent_statements_covered_display": "0"}, "missing_lines": [240, 241, 242, 243, 244, 245, 247, 248, 249, 250, 251, 252, 253, 254, 255, 256, 257, 258, 259, 260, 261, 262], "excluded_lines": [], "start_line": 239}, "admin_update_user": {"executed_lines": [], "summary": {"covered_lines": 0, "num_statements": 16, "percent_covered": 0.0, "percent_covered_display": "0", "missing_lines": 16, "excluded_lines": 0, "percent_statements_covered": 0.0, "percent_statements_covered_display": "0"}, "missing_lines": [267, 268, 269, 271, 272, 273, 274, 275, 276, 277, 279, 280, 286, 287, 288, 289], "excluded_lines": [], "start_line": 266}, "admin_reset_user_password": {"executed_lines": [], "summary": {"covered_lines": 0, "num_statements": 9, "percent_covered": 0.0, "percent_covered_display": "0", "missing_lines": 9, "excluded_lines": 0, "percent_statements_covered": 0.0, "percent_statements_covered_display": "0"}, "missing_lines": [294, 295, 296, 297, 298, 300, 301, 302, 303], "excluded_lines": [], "start_line": 293}, "admin_set_user_groups": {"executed_lines": [], "summary": {"covered_lines": 0, "num_statements": 9, "percent_covered": 0.0, "percent_covered_display": "0", "missing_lines": 9, "excluded_lines": 0, "percent_statements_covered": 0.0, "percent_statements_covered_display": "0"}, "missing_lines": [308, 309, 310, 311, 312, 313, 314, 315, 316], "excluded_lines": [], "start_line": 307}, "admin_delete_user": {"executed_lines": [], "summary": {"covered_lines": 0, "num_statements": 14, "percent_covered": 0.0, "percent_covered_display": "0", "missing_lines": 14, "excluded_lines": 0, "percent_statements_covered": 0.0, "percent_statements_covered_display": "0"}, "missing_lines": [321, 322, 323, 325, 326, 327, 329, 330, 331, 332, 333, 335, 336, 337], "excluded_lines": [], "start_line": 320}, "admin_list_access_groups": {"executed_lines": [], "summary": {"covered_lines": 0, "num_statements": 1, "percent_covered": 0.0, "percent_covered_display": "0", "missing_lines": 1, "excluded_lines": 0, "percent_statements_covered": 0.0, "percent_statements_covered_display": "0"}, "missing_lines": [342], "excluded_lines": [], "start_line": 341}, "admin_create_access_group": {"executed_lines": [], "summary": {"covered_lines": 0, "num_statements": 9, "percent_covered": 0.0, "percent_covered_display": "0", "missing_lines": 9, "excluded_lines": 0, "percent_statements_covered": 0.0, "percent_statements_covered_display": "0"}, "missing_lines": [347, 348, 349, 350, 351, 356, 357, 358, 359], "excluded_lines": [], "start_line": 346}, "admin_update_access_group": {"executed_lines": [], "summary": {"covered_lines": 0, "num_statements": 11, "percent_covered": 0.0, "percent_covered_display": "0", "missing_lines": 11, "excluded_lines": 0, "percent_statements_covered": 0.0, "percent_statements_covered_display": "0"}, "missing_lines": [364, 365, 366, 367, 368, 369, 370, 371, 377, 378, 379], "excluded_lines": [], "start_line": 363}, "admin_delete_access_group": {"executed_lines": [], "summary": {"covered_lines": 0, "num_statements": 5, "percent_covered": 0.0, "percent_covered_display": "0", "missing_lines": 5, "excluded_lines": 0, "percent_statements_covered": 0.0, "percent_statements_covered_display": "0"}, "missing_lines": [384, 385, 386, 387, 388], "excluded_lines": [], "start_line": 383}, "admin_get_audit_events": {"executed_lines": [], "summary": {"covered_lines": 0, "num_statements": 1, "percent_covered": 0.0, "percent_covered_display": "0", "missing_lines": 1, "excluded_lines": 0, "percent_statements_covered": 0.0, "percent_statements_covered_display": "0"}, "missing_lines": [394], "excluded_lines": [], "start_line": 392}, "admin_get_login_rules": {"executed_lines": [], "summary": {"covered_lines": 0, "num_statements": 1, "percent_covered": 0.0, "percent_covered_display": "0", "missing_lines": 1, "excluded_lines": 0, "percent_statements_covered": 0.0, "percent_statements_covered_display": "0"}, "missing_lines": [399], "excluded_lines": [], "start_line": 398}, "admin_update_login_rules": {"executed_lines": [], "summary": {"covered_lines": 0, "num_statements": 3, "percent_covered": 0.0, "percent_covered_display": "0", "missing_lines": 3, "excluded_lines": 0, "percent_statements_covered": 0.0, "percent_statements_covered_display": "0"}, "missing_lines": [404, 405, 406], "excluded_lines": [], "start_line": 403}, "admin_get_auth_config": {"executed_lines": [], "summary": {"covered_lines": 0, "num_statements": 1, "percent_covered": 0.0, "percent_covered_display": "0", "missing_lines": 1, "excluded_lines": 0, "percent_statements_covered": 0.0, "percent_statements_covered_display": "0"}, "missing_lines": [411], "excluded_lines": [], "start_line": 410}, "admin_update_auth_config": {"executed_lines": [], "summary": {"covered_lines": 0, "num_statements": 3, "percent_covered": 0.0, "percent_covered_display": "0", "missing_lines": 3, "excluded_lines": 0, "percent_statements_covered": 0.0, "percent_statements_covered_display": "0"}, "missing_lines": [416, 417, 418], "excluded_lines": [], "start_line": 415}, "admin_run_retention_cleanup_now": {"executed_lines": [428, 429, 430, 431, 432, 433, 435, 436, 437], "summary": {"covered_lines": 9, "num_statements": 9, "percent_covered": 100.0, "percent_covered_display": "100", "missing_lines": 0, "excluded_lines": 0, "percent_statements_covered": 100.0, "percent_statements_covered_display": "100"}, "missing_lines": [], "excluded_lines": [], "start_line": 422}, "": {"executed_lines": [9, 10, 11, 13, 14, 15, 17, 18, 19, 20, 22, 26, 27, 28, 29, 30, 33, 42, 62, 65, 66, 67, 70, 71, 72, 73, 76, 80, 84, 86, 87, 90, 92, 93, 96, 103, 104, 105, 106, 107, 108, 109, 110, 113, 114, 115, 116, 117, 118, 119, 124, 125, 126, 127, 128, 129, 130, 133, 143, 157, 207, 210, 215, 216, 223, 224, 229, 230, 238, 239, 265, 266, 292, 293, 306, 307, 319, 320, 340, 341, 345, 346, 362, 363, 382, 383, 391, 392, 397, 398, 402, 403, 409, 410, 414, 415, 421, 422], "summary": {"covered_lines": 98, "num_statements": 98, "percent_covered": 100.0, "percent_covered_display": "100", "missing_lines": 0, "excluded_lines": 0, "percent_statements_covered": 100.0, "percent_statements_covered_display": "100"}, "missing_lines": [], "excluded_lines": [], "start_line": 1}}, "classes": {"AdminUserCreateRequest": {"executed_lines": [], "summary": {"covered_lines": 0, "num_statements": 0, "percent_covered": 100.0, "percent_covered_display": "100", "missing_lines": 0, "excluded_lines": 0, "percent_statements_covered": 100.0, "percent_statements_covered_display": "100"}, "missing_lines": [], "excluded_lines": [], "start_line": 62}, "AdminUserUpdateRequest": {"executed_lines": [], "summary": {"covered_lines": 0, "num_statements": 0, "percent_covered": 100.0, "percent_covered_display": "100", "missing_lines": 0, "excluded_lines": 0, "percent_statements_covered": 100.0, "percent_statements_covered_display": "100"}, "missing_lines": [], "excluded_lines": [], "start_line": 70}, "AdminUserPasswordResetRequest": {"executed_lines": [], "summary": {"covered_lines": 0, "num_statements": 0, "percent_covered": 100.0, "percent_covered_display": "100", "missing_lines": 0, "excluded_lines": 0, "percent_statements_covered": 100.0, "percent_statements_covered_display": "100"}, "missing_lines": [], "excluded_lines": [], "start_line": 76}, "AdminUserGroupAssignmentRequest": {"executed_lines": [], "summary": {"covered_lines": 0, "num_statements": 0, "percent_covered": 100.0, "percent_covered_display": "100", "missing_lines": 0, "excluded_lines": 0, "percent_statements_covered": 100.0, "percent_statements_covered_display": "100"}, "missing_lines": [], "excluded_lines": [], "start_line": 80}, "AdminAccessGroupCreateRequest": {"executed_lines": [], "summary": {"covered_lines": 0, "num_statements": 0, "percent_covered": 100.0, "percent_covered_display": "100", "missing_lines": 0, "excluded_lines": 0, "percent_statements_covered": 100.0, "percent_statements_covered_display": "100"}, "missing_lines": [], "excluded_lines": [], "start_line": 84}, "AdminAccessGroupUpdateRequest": {"executed_lines": [], "summary": {"covered_lines": 0, "num_statements": 0, "percent_covered": 100.0, "percent_covered_display": "100", "missing_lines": 0, "excluded_lines": 0, "percent_statements_covered": 100.0, "percent_statements_covered_display": "100"}, "missing_lines": [], "excluded_lines": [], "start_line": 90}, "AdminLoginRulesRequest": {"executed_lines": [], "summary": {"covered_lines": 0, "num_statements": 0, "percent_covered": 100.0, "percent_covered_display": "100", "missing_lines": 0, "excluded_lines": 0, "percent_statements_covered": 100.0, "percent_statements_covered_display": "100"}, "missing_lines": [], "excluded_lines": [], "start_line": 96}, "RadiusConfigRequest": {"executed_lines": [], "summary": {"covered_lines": 0, "num_statements": 0, "percent_covered": 100.0, "percent_covered_display": "100", "missing_lines": 0, "excluded_lines": 0, "percent_statements_covered": 100.0, "percent_statements_covered_display": "100"}, "missing_lines": [], "excluded_lines": [], "start_line": 103}, "AuthConfigRequest": {"executed_lines": [], "summary": {"covered_lines": 0, "num_statements": 0, "percent_covered": 100.0, "percent_covered_display": "100", "missing_lines": 0, "excluded_lines": 0, "percent_statements_covered": 100.0, "percent_statements_covered_display": "100"}, "missing_lines": [], "excluded_lines": [], "start_line": 113}, "": {"executed_lines": [9, 10, 11, 13, 14, 15, 17, 18, 19, 20, 22, 26, 27, 28, 29, 30, 33, 39, 42, 53, 54, 55, 56, 57, 62, 65, 66, 67, 70, 71, 72, 73, 76, 80, 84, 86, 87, 90, 92, 93, 96, 103, 104, 105, 106, 107, 108, 109, 110, 113, 114, 115, 116, 117, 118, 119, 124, 125, 126, 127, 128, 129, 130, 133, 143, 157, 162, 163, 164, 165, 166, 167, 169, 170, 171, 172, 173, 174, 175, 176, 177, 178, 180, 207, 210, 215, 216, 217, 223, 224, 229, 230, 238, 239, 265, 266, 292, 293, 306, 307, 319, 320, 340, 341, 345, 346, 362, 363, 382, 383, 391, 392, 397, 398, 402, 403, 409, 410, 414, 415, 421, 422, 428, 429, 430, 431, 432, 433, 435, 436, 437], "summary": {"covered_lines": 131, "num_statements": 253, "percent_covered": 51.77865612648221, "percent_covered_display": "52", "missing_lines": 122, "excluded_lines": 0, "percent_statements_covered": 51.77865612648221, "percent_statements_covered_display": "52"}, "missing_lines": [134, 135, 136, 137, 138, 139, 140, 144, 145, 146, 212, 226, 231, 232, 233, 234, 235, 240, 241, 242, 243, 244, 245, 247, 248, 249, 250, 251, 252, 253, 254, 255, 256, 257, 258, 259, 260, 261, 262, 267, 268, 269, 271, 272, 273, 274, 275, 276, 277, 279, 280, 286, 287, 288, 289, 294, 295, 296, 297, 298, 300, 301, 302, 303, 308, 309, 310, 311, 312, 313, 314, 315, 316, 321, 322, 323, 325, 326, 327, 329, 330, 331, 332, 333, 335, 336, 337, 342, 347, 348, 349, 350, 351, 356, 357, 358, 359, 364, 365, 366, 367, 368, 369, 370, 371, 377, 378, 379, 384, 385, 386, 387, 388, 394, 399, 404, 405, 406, 411, 416, 417, 418], "excluded_lines": [], "start_line": 1}}}, "netcontrol\\routes\\auth.py": {"executed_lines": [7, 8, 9, 10, 11, 12, 14, 15, 16, 17, 19, 20, 21, 22, 24, 28, 29, 30, 31, 32, 42, 43, 44, 45, 46, 47, 50, 51, 54, 60, 63, 78, 79, 80, 81, 82, 83, 84, 85, 90, 93, 108, 140, 146, 169, 178, 179, 180, 181, 182, 184, 185, 186, 188, 189, 190, 191, 192, 193, 196, 197, 199, 200, 201, 202, 212, 213, 214, 220, 223, 237, 241, 244, 246, 250, 251, 256, 259, 260, 261, 262, 263, 264, 266, 267, 269, 270, 271, 274, 282, 284, 285, 288, 289, 290, 291, 292, 294, 297, 299, 300, 301, 302, 303, 314, 315, 323, 326, 327, 328, 329, 331, 332, 333, 334, 336, 338, 340, 341, 342, 343, 344, 345, 346, 347, 348, 357, 365, 368, 369, 375, 376, 377, 378, 380, 381, 383, 384, 386, 398, 403, 404, 418, 419, 430, 431], "summary": {"covered_lines": 146, "num_statements": 248, "percent_covered": 58.87096774193548, "percent_covered_display": "59", "missing_lines": 102, "excluded_lines": 0, "percent_statements_covered": 58.87096774193548, "percent_statements_covered_display": "59"}, "missing_lines": [33, 34, 35, 36, 37, 95, 96, 97, 98, 103, 104, 105, 110, 111, 112, 113, 114, 116, 117, 118, 125, 126, 127, 128, 129, 130, 131, 132, 133, 134, 135, 136, 137, 142, 143, 148, 149, 150, 152, 153, 154, 155, 156, 163, 165, 166, 194, 203, 204, 205, 207, 208, 209, 215, 224, 225, 226, 227, 228, 229, 231, 232, 275, 276, 278, 279, 286, 295, 296, 335, 337, 339, 370, 371, 372, 382, 385, 400, 405, 406, 407, 408, 409, 410, 411, 412, 413, 414, 415, 420, 421, 422, 423, 424, 425, 426, 427, 432, 433, 434, 435, 436], "excluded_lines": [], "functions": {"_app_module": {"executed_lines": [60], "summary": {"covered_lines": 1, "num_statements": 1, "percent_covered": 100.0, "percent_covered_display": "100", "missing_lines": 0, "excluded_lines": 0, "percent_statements_covered": 100.0, "percent_statements_covered_display": "100"}, "missing_lines": [], "excluded_lines": [], "start_line": 54}, "init_auth": {"executed_lines": [78, 79, 80, 81, 82, 83, 84, 85], "summary": {"covered_lines": 8, "num_statements": 8, "percent_covered": 100.0, "percent_covered_display": "100", "missing_lines": 0, "excluded_lines": 0, "percent_statements_covered": 100.0, "percent_statements_covered_display": "100"}, "missing_lines": [], "excluded_lines": [], "start_line": 63}, "_ensure_radius_dictionary_file": {"executed_lines": [], "summary": {"covered_lines": 0, "num_statements": 7, "percent_covered": 0.0, "percent_covered_display": "0", "missing_lines": 7, "excluded_lines": 0, "percent_statements_covered": 0.0, "percent_statements_covered_display": "0"}, "missing_lines": [95, 96, 97, 98, 103, 104, 105], "excluded_lines": [], "start_line": 93}, "_radius_authenticate_sync": {"executed_lines": [], "summary": {"covered_lines": 0, "num_statements": 21, "percent_covered": 0.0, "percent_covered_display": "0", "missing_lines": 21, "excluded_lines": 0, "percent_statements_covered": 0.0, "percent_statements_covered_display": "0"}, "missing_lines": [110, 111, 112, 113, 114, 116, 117, 118, 125, 126, 127, 128, 129, 130, 131, 132, 133, 134, 135, 136, 137], "excluded_lines": [], "start_line": 108}, "verify_radius_user": {"executed_lines": [], "summary": {"covered_lines": 0, "num_statements": 2, "percent_covered": 0.0, "percent_covered_display": "0", "missing_lines": 2, "excluded_lines": 0, "percent_statements_covered": 0.0, "percent_statements_covered_display": "0"}, "missing_lines": [142, 143], "excluded_lines": [], "start_line": 140}, "upsert_radius_user": {"executed_lines": [], "summary": {"covered_lines": 0, "num_statements": 11, "percent_covered": 0.0, "percent_covered_display": "0", "missing_lines": 11, "excluded_lines": 0, "percent_statements_covered": 0.0, "percent_statements_covered_display": "0"}, "missing_lines": [148, 149, 150, 152, 153, 154, 155, 156, 163, 165, 166], "excluded_lines": [], "start_line": 146}, "authenticate_login_identity": {"executed_lines": [178, 179, 180, 181, 182, 184, 185, 186, 188, 189, 190, 191, 192, 193, 196, 197, 199, 200, 201, 202, 212, 213, 214], "summary": {"covered_lines": 23, "num_statements": 31, "percent_covered": 74.19354838709677, "percent_covered_display": "74", "missing_lines": 8, "excluded_lines": 0, "percent_statements_covered": 74.19354838709677, "percent_statements_covered_display": "74"}, "missing_lines": [194, 203, 204, 205, 207, 208, 209, 215], "excluded_lines": [], "start_line": 169}, "_get_user_features": {"executed_lines": [], "summary": {"covered_lines": 0, "num_statements": 8, "percent_covered": 0.0, "percent_covered_display": "0", "missing_lines": 8, "excluded_lines": 0, "percent_statements_covered": 0.0, "percent_statements_covered_display": "0"}, "missing_lines": [224, 225, 226, 227, 228, 229, 231, 232], "excluded_lines": [], "start_line": 223}, "login": {"executed_lines": [261, 262, 263, 264, 266, 267, 269, 270, 271, 274, 282, 284, 285, 288, 289, 290, 291, 292, 294, 297, 299, 300, 301, 302, 303, 314, 315, 323], "summary": {"covered_lines": 28, "num_statements": 35, "percent_covered": 80.0, "percent_covered_display": "80", "missing_lines": 7, "excluded_lines": 0, "percent_statements_covered": 80.0, "percent_statements_covered_display": "80"}, "missing_lines": [275, 276, 278, 279, 286, 295, 296], "excluded_lines": [], "start_line": 260}, "register": {"executed_lines": [328, 329, 331, 332, 333, 334, 336, 338, 340, 341, 342, 343, 344, 345, 346, 347, 348, 357, 365], "summary": {"covered_lines": 19, "num_statements": 22, "percent_covered": 86.36363636363636, "percent_covered_display": "86", "missing_lines": 3, "excluded_lines": 0, "percent_statements_covered": 86.36363636363636, "percent_statements_covered_display": "86"}, "missing_lines": [335, 337, 339], "excluded_lines": [], "start_line": 327}, "logout": {"executed_lines": [], "summary": {"covered_lines": 0, "num_statements": 3, "percent_covered": 0.0, "percent_covered_display": "0", "missing_lines": 3, "excluded_lines": 0, "percent_statements_covered": 0.0, "percent_statements_covered_display": "0"}, "missing_lines": [370, 371, 372], "excluded_lines": [], "start_line": 369}, "auth_status": {"executed_lines": [377, 378, 380, 381, 383, 384, 386], "summary": {"covered_lines": 7, "num_statements": 9, "percent_covered": 77.77777777777777, "percent_covered_display": "78", "missing_lines": 2, "excluded_lines": 0, "percent_statements_covered": 77.77777777777777, "percent_statements_covered_display": "78"}, "missing_lines": [382, 385], "excluded_lines": [], "start_line": 376}, "_require_auth_dep": {"executed_lines": [], "summary": {"covered_lines": 0, "num_statements": 1, "percent_covered": 0.0, "percent_covered_display": "0", "missing_lines": 1, "excluded_lines": 0, "percent_statements_covered": 0.0, "percent_statements_covered_display": "0"}, "missing_lines": [400], "excluded_lines": [], "start_line": 398}, "change_password": {"executed_lines": [], "summary": {"covered_lines": 0, "num_statements": 11, "percent_covered": 0.0, "percent_covered_display": "0", "missing_lines": 11, "excluded_lines": 0, "percent_statements_covered": 0.0, "percent_statements_covered_display": "0"}, "missing_lines": [405, 406, 407, 408, 409, 410, 411, 412, 413, 414, 415], "excluded_lines": [], "start_line": 404}, "get_profile": {"executed_lines": [], "summary": {"covered_lines": 0, "num_statements": 8, "percent_covered": 0.0, "percent_covered_display": "0", "missing_lines": 8, "excluded_lines": 0, "percent_statements_covered": 0.0, "percent_statements_covered_display": "0"}, "missing_lines": [420, 421, 422, 423, 424, 425, 426, 427], "excluded_lines": [], "start_line": 419}, "update_profile": {"executed_lines": [], "summary": {"covered_lines": 0, "num_statements": 5, "percent_covered": 0.0, "percent_covered_display": "0", "missing_lines": 5, "excluded_lines": 0, "percent_statements_covered": 0.0, "percent_statements_covered_display": "0"}, "missing_lines": [432, 433, 434, 435, 436], "excluded_lines": [], "start_line": 431}, "": {"executed_lines": [7, 8, 9, 10, 11, 12, 14, 15, 16, 17, 19, 20, 21, 22, 24, 28, 29, 30, 31, 32, 42, 43, 44, 45, 46, 47, 50, 51, 54, 63, 90, 93, 108, 140, 146, 169, 220, 223, 237, 241, 244, 246, 250, 251, 256, 259, 260, 326, 327, 368, 369, 375, 376, 398, 403, 404, 418, 419, 430, 431], "summary": {"covered_lines": 60, "num_statements": 65, "percent_covered": 92.3076923076923, "percent_covered_display": "92", "missing_lines": 5, "excluded_lines": 0, "percent_statements_covered": 92.3076923076923, "percent_statements_covered_display": "92"}, "missing_lines": [33, 34, 35, 36, 37], "excluded_lines": [], "start_line": 1}}, "classes": {"LoginRequest": {"executed_lines": [], "summary": {"covered_lines": 0, "num_statements": 0, "percent_covered": 100.0, "percent_covered_display": "100", "missing_lines": 0, "excluded_lines": 0, "percent_statements_covered": 100.0, "percent_statements_covered_display": "100"}, "missing_lines": [], "excluded_lines": [], "start_line": 237}, "RegisterRequest": {"executed_lines": [], "summary": {"covered_lines": 0, "num_statements": 0, "percent_covered": 100.0, "percent_covered_display": "100", "missing_lines": 0, "excluded_lines": 0, "percent_statements_covered": 100.0, "percent_statements_covered_display": "100"}, "missing_lines": [], "excluded_lines": [], "start_line": 241}, "ChangePasswordRequest": {"executed_lines": [], "summary": {"covered_lines": 0, "num_statements": 0, "percent_covered": 100.0, "percent_covered_display": "100", "missing_lines": 0, "excluded_lines": 0, "percent_statements_covered": 100.0, "percent_statements_covered_display": "100"}, "missing_lines": [], "excluded_lines": [], "start_line": 246}, "UpdateProfileRequest": {"executed_lines": [], "summary": {"covered_lines": 0, "num_statements": 0, "percent_covered": 100.0, "percent_covered_display": "100", "missing_lines": 0, "excluded_lines": 0, "percent_statements_covered": 100.0, "percent_statements_covered_display": "100"}, "missing_lines": [], "excluded_lines": [], "start_line": 250}, "": {"executed_lines": [7, 8, 9, 10, 11, 12, 14, 15, 16, 17, 19, 20, 21, 22, 24, 28, 29, 30, 31, 32, 42, 43, 44, 45, 46, 47, 50, 51, 54, 60, 63, 78, 79, 80, 81, 82, 83, 84, 85, 90, 93, 108, 140, 146, 169, 178, 179, 180, 181, 182, 184, 185, 186, 188, 189, 190, 191, 192, 193, 196, 197, 199, 200, 201, 202, 212, 213, 214, 220, 223, 237, 241, 244, 246, 250, 251, 256, 259, 260, 261, 262, 263, 264, 266, 267, 269, 270, 271, 274, 282, 284, 285, 288, 289, 290, 291, 292, 294, 297, 299, 300, 301, 302, 303, 314, 315, 323, 326, 327, 328, 329, 331, 332, 333, 334, 336, 338, 340, 341, 342, 343, 344, 345, 346, 347, 348, 357, 365, 368, 369, 375, 376, 377, 378, 380, 381, 383, 384, 386, 398, 403, 404, 418, 419, 430, 431], "summary": {"covered_lines": 146, "num_statements": 248, "percent_covered": 58.87096774193548, "percent_covered_display": "59", "missing_lines": 102, "excluded_lines": 0, "percent_statements_covered": 58.87096774193548, "percent_statements_covered_display": "59"}, "missing_lines": [33, 34, 35, 36, 37, 95, 96, 97, 98, 103, 104, 105, 110, 111, 112, 113, 114, 116, 117, 118, 125, 126, 127, 128, 129, 130, 131, 132, 133, 134, 135, 136, 137, 142, 143, 148, 149, 150, 152, 153, 154, 155, 156, 163, 165, 166, 194, 203, 204, 205, 207, 208, 209, 215, 224, 225, 226, 227, 228, 229, 231, 232, 275, 276, 278, 279, 286, 295, 296, 335, 337, 339, 370, 371, 372, 382, 385, 400, 405, 406, 407, 408, 409, 410, 411, 412, 413, 414, 415, 420, 421, 422, 423, 424, 425, 426, 427, 432, 433, 434, 435, 436], "excluded_lines": [], "start_line": 1}}}, "netcontrol\\routes\\compliance.py": {"executed_lines": [6, 8, 9, 10, 12, 13, 14, 16, 17, 18, 22, 23, 24, 27, 29, 30, 31, 34, 38, 45, 47, 48, 49, 52, 53, 54, 55, 56, 59, 63, 66, 67, 68, 69, 72, 81, 124, 179, 264, 266, 268, 269, 270, 273, 274, 284, 285, 289, 290, 310, 311, 318, 319, 345, 346, 364, 365, 372, 373, 401, 402, 425, 426, 444, 445, 458, 459, 466, 467, 485, 486, 491, 492, 500, 501, 533, 534, 538, 539, 552, 553], "summary": {"covered_lines": 81, "num_statements": 304, "percent_covered": 26.644736842105264, "percent_covered_display": "27", "missing_lines": 223, "excluded_lines": 0, "percent_statements_covered": 26.644736842105264, "percent_statements_covered_display": "27"}, "missing_lines": [35, 39, 89, 91, 92, 93, 94, 96, 97, 98, 99, 101, 102, 103, 104, 105, 106, 107, 108, 109, 110, 111, 112, 113, 114, 115, 116, 118, 119, 121, 129, 130, 131, 132, 141, 142, 143, 144, 145, 146, 148, 150, 151, 152, 153, 154, 155, 156, 157, 159, 161, 162, 164, 166, 181, 183, 184, 186, 187, 188, 189, 190, 192, 194, 195, 196, 197, 198, 199, 201, 202, 204, 205, 206, 207, 209, 210, 211, 212, 213, 219, 220, 221, 222, 224, 225, 226, 227, 228, 229, 230, 231, 232, 234, 236, 237, 239, 240, 241, 244, 245, 246, 247, 248, 250, 251, 253, 255, 272, 275, 276, 277, 278, 286, 291, 292, 293, 294, 301, 307, 312, 313, 314, 315, 320, 321, 322, 323, 324, 325, 326, 327, 328, 329, 330, 331, 332, 333, 334, 335, 336, 342, 347, 348, 349, 350, 351, 352, 358, 369, 374, 375, 376, 377, 378, 379, 380, 381, 382, 383, 384, 385, 392, 398, 403, 404, 405, 406, 407, 408, 409, 410, 411, 412, 414, 415, 416, 422, 427, 428, 429, 430, 431, 432, 438, 452, 460, 461, 462, 463, 468, 469, 470, 471, 472, 473, 479, 488, 494, 503, 504, 505, 506, 507, 508, 509, 510, 511, 513, 514, 520, 521, 527, 535, 540, 541, 542, 543, 549, 554, 555, 556, 562], "excluded_lines": [], "functions": {"init_compliance": {"executed_lines": [29, 30, 31], "summary": {"covered_lines": 3, "num_statements": 3, "percent_covered": 100.0, "percent_covered_display": "100", "missing_lines": 0, "excluded_lines": 0, "percent_statements_covered": 100.0, "percent_statements_covered_display": "100"}, "missing_lines": [], "excluded_lines": [], "start_line": 27}, "_compliance_deps": {"executed_lines": [], "summary": {"covered_lines": 0, "num_statements": 1, "percent_covered": 0.0, "percent_covered_display": "0", "missing_lines": 1, "excluded_lines": 0, "percent_statements_covered": 0.0, "percent_statements_covered_display": "0"}, "missing_lines": [35], "excluded_lines": [], "start_line": 34}, "_admin_deps": {"executed_lines": [], "summary": {"covered_lines": 0, "num_statements": 1, "percent_covered": 0.0, "percent_covered_display": "0", "missing_lines": 1, "excluded_lines": 0, "percent_statements_covered": 0.0, "percent_statements_covered_display": "0"}, "missing_lines": [39], "excluded_lines": [], "start_line": 38}, "_evaluate_rule": {"executed_lines": [], "summary": {"covered_lines": 0, "num_statements": 28, "percent_covered": 0.0, "percent_covered_display": "0", "missing_lines": 28, "excluded_lines": 0, "percent_statements_covered": 0.0, "percent_statements_covered_display": "0"}, "missing_lines": [89, 91, 92, 93, 94, 96, 97, 98, 99, 101, 102, 103, 104, 105, 106, 107, 108, 109, 110, 111, 112, 113, 114, 115, 116, 118, 119, 121], "excluded_lines": [], "start_line": 81}, "_evaluate_host_compliance": {"executed_lines": [], "summary": {"covered_lines": 0, "num_statements": 24, "percent_covered": 0.0, "percent_covered_display": "0", "missing_lines": 24, "excluded_lines": 0, "percent_statements_covered": 0.0, "percent_statements_covered_display": "0"}, "missing_lines": [129, 130, 131, 132, 141, 142, 143, 144, 145, 146, 148, 150, 151, 152, 153, 154, 155, 156, 157, 159, 161, 162, 164, 166], "excluded_lines": [], "start_line": 124}, "_run_compliance_check_once": {"executed_lines": [], "summary": {"covered_lines": 0, "num_statements": 46, "percent_covered": 0.0, "percent_covered_display": "0", "missing_lines": 46, "excluded_lines": 0, "percent_statements_covered": 0.0, "percent_statements_covered_display": "0"}, "missing_lines": [181, 183, 184, 186, 187, 188, 189, 190, 192, 194, 195, 196, 197, 198, 199, 201, 202, 204, 205, 206, 207, 209, 224, 225, 226, 227, 228, 229, 230, 231, 232, 234, 236, 237, 239, 240, 241, 244, 245, 246, 247, 248, 250, 251, 253, 255], "excluded_lines": [], "start_line": 179}, "_run_compliance_check_once._scan_host": {"executed_lines": [], "summary": {"covered_lines": 0, "num_statements": 8, "percent_covered": 0.0, "percent_covered_display": "0", "missing_lines": 8, "excluded_lines": 0, "percent_statements_covered": 0.0, "percent_statements_covered_display": "0"}, "missing_lines": [210, 211, 212, 213, 219, 220, 221, 222], "excluded_lines": [], "start_line": 209}, "_compliance_check_loop": {"executed_lines": [266, 268, 269, 270, 273, 274], "summary": {"covered_lines": 6, "num_statements": 11, "percent_covered": 54.54545454545455, "percent_covered_display": "55", "missing_lines": 5, "excluded_lines": 0, "percent_statements_covered": 54.54545454545455, "percent_statements_covered_display": "55"}, "missing_lines": [272, 275, 276, 277, 278], "excluded_lines": [], "start_line": 264}, "list_compliance_profiles": {"executed_lines": [], "summary": {"covered_lines": 0, "num_statements": 1, "percent_covered": 0.0, "percent_covered_display": "0", "missing_lines": 1, "excluded_lines": 0, "percent_statements_covered": 0.0, "percent_statements_covered_display": "0"}, "missing_lines": [286], "excluded_lines": [], "start_line": 285}, "create_compliance_profile": {"executed_lines": [], "summary": {"covered_lines": 0, "num_statements": 6, "percent_covered": 0.0, "percent_covered_display": "0", "missing_lines": 6, "excluded_lines": 0, "percent_statements_covered": 0.0, "percent_statements_covered_display": "0"}, "missing_lines": [291, 292, 293, 294, 301, 307], "excluded_lines": [], "start_line": 290}, "get_compliance_profile": {"executed_lines": [], "summary": {"covered_lines": 0, "num_statements": 4, "percent_covered": 0.0, "percent_covered_display": "0", "missing_lines": 4, "excluded_lines": 0, "percent_statements_covered": 0.0, "percent_statements_covered_display": "0"}, "missing_lines": [312, 313, 314, 315], "excluded_lines": [], "start_line": 311}, "update_compliance_profile": {"executed_lines": [], "summary": {"covered_lines": 0, "num_statements": 18, "percent_covered": 0.0, "percent_covered_display": "0", "missing_lines": 18, "excluded_lines": 0, "percent_statements_covered": 0.0, "percent_statements_covered_display": "0"}, "missing_lines": [320, 321, 322, 323, 324, 325, 326, 327, 328, 329, 330, 331, 332, 333, 334, 335, 336, 342], "excluded_lines": [], "start_line": 319}, "delete_compliance_profile": {"executed_lines": [], "summary": {"covered_lines": 0, "num_statements": 7, "percent_covered": 0.0, "percent_covered_display": "0", "missing_lines": 7, "excluded_lines": 0, "percent_statements_covered": 0.0, "percent_statements_covered_display": "0"}, "missing_lines": [347, 348, 349, 350, 351, 352, 358], "excluded_lines": [], "start_line": 346}, "list_compliance_assignments": {"executed_lines": [], "summary": {"covered_lines": 0, "num_statements": 1, "percent_covered": 0.0, "percent_covered_display": "0", "missing_lines": 1, "excluded_lines": 0, "percent_statements_covered": 0.0, "percent_statements_covered_display": "0"}, "missing_lines": [369], "excluded_lines": [], "start_line": 365}, "create_compliance_assignment": {"executed_lines": [], "summary": {"covered_lines": 0, "num_statements": 14, "percent_covered": 0.0, "percent_covered_display": "0", "missing_lines": 14, "excluded_lines": 0, "percent_statements_covered": 0.0, "percent_statements_covered_display": "0"}, "missing_lines": [374, 375, 376, 377, 378, 379, 380, 381, 382, 383, 384, 385, 392, 398], "excluded_lines": [], "start_line": 373}, "update_compliance_assignment": {"executed_lines": [], "summary": {"covered_lines": 0, "num_statements": 14, "percent_covered": 0.0, "percent_covered_display": "0", "missing_lines": 14, "excluded_lines": 0, "percent_statements_covered": 0.0, "percent_statements_covered_display": "0"}, "missing_lines": [403, 404, 405, 406, 407, 408, 409, 410, 411, 412, 414, 415, 416, 422], "excluded_lines": [], "start_line": 402}, "delete_compliance_assignment": {"executed_lines": [], "summary": {"covered_lines": 0, "num_statements": 7, "percent_covered": 0.0, "percent_covered_display": "0", "missing_lines": 7, "excluded_lines": 0, "percent_statements_covered": 0.0, "percent_statements_covered_display": "0"}, "missing_lines": [427, 428, 429, 430, 431, 432, 438], "excluded_lines": [], "start_line": 426}, "list_compliance_scan_results": {"executed_lines": [], "summary": {"covered_lines": 0, "num_statements": 1, "percent_covered": 0.0, "percent_covered_display": "0", "missing_lines": 1, "excluded_lines": 0, "percent_statements_covered": 0.0, "percent_statements_covered_display": "0"}, "missing_lines": [452], "excluded_lines": [], "start_line": 445}, "get_compliance_scan_result": {"executed_lines": [], "summary": {"covered_lines": 0, "num_statements": 4, "percent_covered": 0.0, "percent_covered_display": "0", "missing_lines": 4, "excluded_lines": 0, "percent_statements_covered": 0.0, "percent_statements_covered_display": "0"}, "missing_lines": [460, 461, 462, 463], "excluded_lines": [], "start_line": 459}, "delete_compliance_scan_result": {"executed_lines": [], "summary": {"covered_lines": 0, "num_statements": 7, "percent_covered": 0.0, "percent_covered_display": "0", "missing_lines": 7, "excluded_lines": 0, "percent_statements_covered": 0.0, "percent_statements_covered_display": "0"}, "missing_lines": [468, 469, 470, 471, 472, 473, 479], "excluded_lines": [], "start_line": 467}, "get_compliance_host_status": {"executed_lines": [], "summary": {"covered_lines": 0, "num_statements": 1, "percent_covered": 0.0, "percent_covered_display": "0", "missing_lines": 1, "excluded_lines": 0, "percent_statements_covered": 0.0, "percent_statements_covered_display": "0"}, "missing_lines": [488], "excluded_lines": [], "start_line": 486}, "get_compliance_summary": {"executed_lines": [], "summary": {"covered_lines": 0, "num_statements": 1, "percent_covered": 0.0, "percent_covered_display": "0", "missing_lines": 1, "excluded_lines": 0, "percent_statements_covered": 0.0, "percent_statements_covered_display": "0"}, "missing_lines": [494], "excluded_lines": [], "start_line": 492}, "run_compliance_scan": {"executed_lines": [], "summary": {"covered_lines": 0, "num_statements": 14, "percent_covered": 0.0, "percent_covered_display": "0", "missing_lines": 14, "excluded_lines": 0, "percent_statements_covered": 0.0, "percent_statements_covered_display": "0"}, "missing_lines": [503, 504, 505, 506, 507, 508, 509, 510, 511, 513, 514, 520, 521, 527], "excluded_lines": [], "start_line": 501}, "admin_get_compliance_config": {"executed_lines": [], "summary": {"covered_lines": 0, "num_statements": 1, "percent_covered": 0.0, "percent_covered_display": "0", "missing_lines": 1, "excluded_lines": 0, "percent_statements_covered": 0.0, "percent_statements_covered_display": "0"}, "missing_lines": [535], "excluded_lines": [], "start_line": 534}, "admin_update_compliance_config": {"executed_lines": [], "summary": {"covered_lines": 0, "num_statements": 5, "percent_covered": 0.0, "percent_covered_display": "0", "missing_lines": 5, "excluded_lines": 0, "percent_statements_covered": 0.0, "percent_statements_covered_display": "0"}, "missing_lines": [540, 541, 542, 543, 549], "excluded_lines": [], "start_line": 539}, "admin_run_compliance_check_now": {"executed_lines": [], "summary": {"covered_lines": 0, "num_statements": 4, "percent_covered": 0.0, "percent_covered_display": "0", "missing_lines": 4, "excluded_lines": 0, "percent_statements_covered": 0.0, "percent_statements_covered_display": "0"}, "missing_lines": [554, 555, 556, 562], "excluded_lines": [], "start_line": 553}, "": {"executed_lines": [6, 8, 9, 10, 12, 13, 14, 16, 17, 18, 22, 23, 24, 27, 34, 38, 45, 47, 48, 49, 52, 53, 54, 55, 56, 59, 63, 66, 67, 68, 69, 72, 81, 124, 179, 264, 284, 285, 289, 290, 310, 311, 318, 319, 345, 346, 364, 365, 372, 373, 401, 402, 425, 426, 444, 445, 458, 459, 466, 467, 485, 486, 491, 492, 500, 501, 533, 534, 538, 539, 552, 553], "summary": {"covered_lines": 72, "num_statements": 72, "percent_covered": 100.0, "percent_covered_display": "100", "missing_lines": 0, "excluded_lines": 0, "percent_statements_covered": 100.0, "percent_statements_covered_display": "100"}, "missing_lines": [], "excluded_lines": [], "start_line": 1}}, "classes": {"ComplianceProfileCreate": {"executed_lines": [], "summary": {"covered_lines": 0, "num_statements": 0, "percent_covered": 100.0, "percent_covered_display": "100", "missing_lines": 0, "excluded_lines": 0, "percent_statements_covered": 100.0, "percent_statements_covered_display": "100"}, "missing_lines": [], "excluded_lines": [], "start_line": 45}, "ComplianceProfileUpdate": {"executed_lines": [], "summary": {"covered_lines": 0, "num_statements": 0, "percent_covered": 100.0, "percent_covered_display": "100", "missing_lines": 0, "excluded_lines": 0, "percent_statements_covered": 100.0, "percent_statements_covered_display": "100"}, "missing_lines": [], "excluded_lines": [], "start_line": 52}, "ComplianceAssignmentCreate": {"executed_lines": [], "summary": {"covered_lines": 0, "num_statements": 0, "percent_covered": 100.0, "percent_covered_display": "100", "missing_lines": 0, "excluded_lines": 0, "percent_statements_covered": 100.0, "percent_statements_covered_display": "100"}, "missing_lines": [], "excluded_lines": [], "start_line": 59}, "ComplianceAssignmentUpdate": {"executed_lines": [], "summary": {"covered_lines": 0, "num_statements": 0, "percent_covered": 100.0, "percent_covered_display": "100", "missing_lines": 0, "excluded_lines": 0, "percent_statements_covered": 100.0, "percent_statements_covered_display": "100"}, "missing_lines": [], "excluded_lines": [], "start_line": 66}, "ComplianceScanRequest": {"executed_lines": [], "summary": {"covered_lines": 0, "num_statements": 0, "percent_covered": 100.0, "percent_covered_display": "100", "missing_lines": 0, "excluded_lines": 0, "percent_statements_covered": 100.0, "percent_statements_covered_display": "100"}, "missing_lines": [], "excluded_lines": [], "start_line": 72}, "": {"executed_lines": [6, 8, 9, 10, 12, 13, 14, 16, 17, 18, 22, 23, 24, 27, 29, 30, 31, 34, 38, 45, 47, 48, 49, 52, 53, 54, 55, 56, 59, 63, 66, 67, 68, 69, 72, 81, 124, 179, 264, 266, 268, 269, 270, 273, 274, 284, 285, 289, 290, 310, 311, 318, 319, 345, 346, 364, 365, 372, 373, 401, 402, 425, 426, 444, 445, 458, 459, 466, 467, 485, 486, 491, 492, 500, 501, 533, 534, 538, 539, 552, 553], "summary": {"covered_lines": 81, "num_statements": 304, "percent_covered": 26.644736842105264, "percent_covered_display": "27", "missing_lines": 223, "excluded_lines": 0, "percent_statements_covered": 26.644736842105264, "percent_statements_covered_display": "27"}, "missing_lines": [35, 39, 89, 91, 92, 93, 94, 96, 97, 98, 99, 101, 102, 103, 104, 105, 106, 107, 108, 109, 110, 111, 112, 113, 114, 115, 116, 118, 119, 121, 129, 130, 131, 132, 141, 142, 143, 144, 145, 146, 148, 150, 151, 152, 153, 154, 155, 156, 157, 159, 161, 162, 164, 166, 181, 183, 184, 186, 187, 188, 189, 190, 192, 194, 195, 196, 197, 198, 199, 201, 202, 204, 205, 206, 207, 209, 210, 211, 212, 213, 219, 220, 221, 222, 224, 225, 226, 227, 228, 229, 230, 231, 232, 234, 236, 237, 239, 240, 241, 244, 245, 246, 247, 248, 250, 251, 253, 255, 272, 275, 276, 277, 278, 286, 291, 292, 293, 294, 301, 307, 312, 313, 314, 315, 320, 321, 322, 323, 324, 325, 326, 327, 328, 329, 330, 331, 332, 333, 334, 335, 336, 342, 347, 348, 349, 350, 351, 352, 358, 369, 374, 375, 376, 377, 378, 379, 380, 381, 382, 383, 384, 385, 392, 398, 403, 404, 405, 406, 407, 408, 409, 410, 411, 412, 414, 415, 416, 422, 427, 428, 429, 430, 431, 432, 438, 452, 460, 461, 462, 463, 468, 469, 470, 471, 472, 473, 479, 488, 494, 503, 504, 505, 506, 507, 508, 509, 510, 511, 513, 514, 520, 521, 527, 535, 540, 541, 542, 543, 549, 554, 555, 556, 562], "excluded_lines": [], "start_line": 1}}}, "netcontrol\\routes\\config_backups.py": {"executed_lines": [5, 7, 8, 9, 11, 12, 19, 21, 23, 26, 30, 31, 32, 33, 34, 37, 41, 42, 43, 44, 45, 50, 54, 55, 58, 59, 60, 61, 62, 63, 66, 74, 75, 79, 80, 106, 107, 114, 115, 146, 147, 165, 166, 174, 175, 179, 180, 187, 188, 206, 207, 267, 268, 341, 342, 346, 347, 360, 361, 376, 455, 457, 458, 459, 462, 463], "summary": {"covered_lines": 66, "num_statements": 258, "percent_covered": 25.58139534883721, "percent_covered_display": "26", "missing_lines": 192, "excluded_lines": 0, "percent_statements_covered": 25.58139534883721, "percent_statements_covered_display": "26"}, "missing_lines": [76, 81, 82, 83, 84, 85, 86, 87, 89, 91, 92, 97, 103, 108, 109, 110, 111, 116, 117, 118, 119, 120, 121, 122, 123, 124, 125, 126, 127, 128, 129, 130, 132, 133, 135, 136, 137, 143, 148, 149, 150, 151, 152, 153, 159, 171, 176, 181, 182, 183, 184, 189, 190, 191, 192, 193, 194, 200, 210, 211, 212, 214, 215, 216, 217, 218, 219, 220, 221, 223, 224, 225, 226, 228, 230, 231, 232, 234, 235, 236, 237, 238, 243, 244, 245, 250, 252, 253, 255, 256, 262, 264, 270, 271, 272, 273, 274, 275, 276, 277, 278, 279, 280, 283, 284, 286, 287, 294, 295, 296, 297, 298, 299, 301, 302, 303, 304, 307, 308, 309, 310, 311, 312, 316, 317, 318, 319, 321, 322, 328, 343, 348, 349, 350, 351, 357, 362, 363, 364, 370, 378, 379, 381, 382, 383, 384, 386, 388, 389, 390, 391, 392, 393, 394, 395, 397, 398, 399, 400, 402, 403, 404, 405, 410, 411, 412, 417, 419, 420, 421, 422, 423, 424, 425, 427, 429, 430, 433, 434, 435, 436, 438, 439, 440, 442, 443, 445, 447, 461, 464, 465, 466], "excluded_lines": [], "functions": {"init_config_backups": {"executed_lines": [41, 42, 43, 44, 45], "summary": {"covered_lines": 5, "num_statements": 5, "percent_covered": 100.0, "percent_covered_display": "100", "missing_lines": 0, "excluded_lines": 0, "percent_statements_covered": 100.0, "percent_statements_covered_display": "100"}, "missing_lines": [], "excluded_lines": [], "start_line": 37}, "list_config_backup_policies": {"executed_lines": [], "summary": {"covered_lines": 0, "num_statements": 1, "percent_covered": 0.0, "percent_covered_display": "0", "missing_lines": 1, "excluded_lines": 0, "percent_statements_covered": 0.0, "percent_statements_covered_display": "0"}, "missing_lines": [76], "excluded_lines": [], "start_line": 75}, "create_config_backup_policy": {"executed_lines": [], "summary": {"covered_lines": 0, "num_statements": 12, "percent_covered": 0.0, "percent_covered_display": "0", "missing_lines": 12, "excluded_lines": 0, "percent_statements_covered": 0.0, "percent_statements_covered_display": "0"}, "missing_lines": [81, 82, 83, 84, 85, 86, 87, 89, 91, 92, 97, 103], "excluded_lines": [], "start_line": 80}, "get_config_backup_policy": {"executed_lines": [], "summary": {"covered_lines": 0, "num_statements": 4, "percent_covered": 0.0, "percent_covered_display": "0", "missing_lines": 4, "excluded_lines": 0, "percent_statements_covered": 0.0, "percent_statements_covered_display": "0"}, "missing_lines": [108, 109, 110, 111], "excluded_lines": [], "start_line": 107}, "update_config_backup_policy": {"executed_lines": [], "summary": {"covered_lines": 0, "num_statements": 21, "percent_covered": 0.0, "percent_covered_display": "0", "missing_lines": 21, "excluded_lines": 0, "percent_statements_covered": 0.0, "percent_statements_covered_display": "0"}, "missing_lines": [116, 117, 118, 119, 120, 121, 122, 123, 124, 125, 126, 127, 128, 129, 130, 132, 133, 135, 136, 137, 143], "excluded_lines": [], "start_line": 115}, "delete_config_backup_policy_route": {"executed_lines": [], "summary": {"covered_lines": 0, "num_statements": 7, "percent_covered": 0.0, "percent_covered_display": "0", "missing_lines": 7, "excluded_lines": 0, "percent_statements_covered": 0.0, "percent_statements_covered_display": "0"}, "missing_lines": [148, 149, 150, 151, 152, 153, 159], "excluded_lines": [], "start_line": 147}, "list_config_backups": {"executed_lines": [], "summary": {"covered_lines": 0, "num_statements": 1, "percent_covered": 0.0, "percent_covered_display": "0", "missing_lines": 1, "excluded_lines": 0, "percent_statements_covered": 0.0, "percent_statements_covered_display": "0"}, "missing_lines": [171], "excluded_lines": [], "start_line": 166}, "get_config_backup_summary": {"executed_lines": [], "summary": {"covered_lines": 0, "num_statements": 1, "percent_covered": 0.0, "percent_covered_display": "0", "missing_lines": 1, "excluded_lines": 0, "percent_statements_covered": 0.0, "percent_statements_covered_display": "0"}, "missing_lines": [176], "excluded_lines": [], "start_line": 175}, "get_config_backup_detail": {"executed_lines": [], "summary": {"covered_lines": 0, "num_statements": 4, "percent_covered": 0.0, "percent_covered_display": "0", "missing_lines": 4, "excluded_lines": 0, "percent_statements_covered": 0.0, "percent_statements_covered_display": "0"}, "missing_lines": [181, 182, 183, 184], "excluded_lines": [], "start_line": 180}, "delete_config_backup_route": {"executed_lines": [], "summary": {"covered_lines": 0, "num_statements": 7, "percent_covered": 0.0, "percent_covered_display": "0", "missing_lines": 7, "excluded_lines": 0, "percent_statements_covered": 0.0, "percent_statements_covered_display": "0"}, "missing_lines": [189, 190, 191, 192, 193, 194, 200], "excluded_lines": [], "start_line": 188}, "run_config_backup_policy_now": {"executed_lines": [], "summary": {"covered_lines": 0, "num_statements": 22, "percent_covered": 0.0, "percent_covered_display": "0", "missing_lines": 22, "excluded_lines": 0, "percent_statements_covered": 0.0, "percent_statements_covered_display": "0"}, "missing_lines": [210, 211, 212, 214, 215, 216, 217, 218, 219, 220, 221, 223, 224, 225, 226, 228, 252, 253, 255, 256, 262, 264], "excluded_lines": [], "start_line": 207}, "run_config_backup_policy_now._do_backup": {"executed_lines": [], "summary": {"covered_lines": 0, "num_statements": 12, "percent_covered": 0.0, "percent_covered_display": "0", "missing_lines": 12, "excluded_lines": 0, "percent_statements_covered": 0.0, "percent_statements_covered_display": "0"}, "missing_lines": [230, 231, 232, 234, 235, 236, 237, 238, 243, 244, 245, 250], "excluded_lines": [], "start_line": 228}, "restore_config_from_backup": {"executed_lines": [], "summary": {"covered_lines": 0, "num_statements": 31, "percent_covered": 0.0, "percent_covered_display": "0", "missing_lines": 31, "excluded_lines": 0, "percent_statements_covered": 0.0, "percent_statements_covered_display": "0"}, "missing_lines": [270, 271, 272, 273, 274, 275, 276, 277, 278, 279, 280, 283, 284, 286, 301, 302, 303, 304, 307, 308, 309, 310, 311, 312, 316, 317, 318, 319, 321, 322, 328], "excluded_lines": [], "start_line": 268}, "restore_config_from_backup._push_config": {"executed_lines": [], "summary": {"covered_lines": 0, "num_statements": 7, "percent_covered": 0.0, "percent_covered_display": "0", "missing_lines": 7, "excluded_lines": 0, "percent_statements_covered": 0.0, "percent_statements_covered_display": "0"}, "missing_lines": [287, 294, 295, 296, 297, 298, 299], "excluded_lines": [], "start_line": 286}, "admin_get_config_backup_config": {"executed_lines": [], "summary": {"covered_lines": 0, "num_statements": 1, "percent_covered": 0.0, "percent_covered_display": "0", "missing_lines": 1, "excluded_lines": 0, "percent_statements_covered": 0.0, "percent_statements_covered_display": "0"}, "missing_lines": [343], "excluded_lines": [], "start_line": 342}, "admin_update_config_backup_config": {"executed_lines": [], "summary": {"covered_lines": 0, "num_statements": 5, "percent_covered": 0.0, "percent_covered_display": "0", "missing_lines": 5, "excluded_lines": 0, "percent_statements_covered": 0.0, "percent_statements_covered_display": "0"}, "missing_lines": [348, 349, 350, 351, 357], "excluded_lines": [], "start_line": 347}, "admin_run_config_backups_now": {"executed_lines": [], "summary": {"covered_lines": 0, "num_statements": 4, "percent_covered": 0.0, "percent_covered_display": "0", "missing_lines": 4, "excluded_lines": 0, "percent_statements_covered": 0.0, "percent_statements_covered_display": "0"}, "missing_lines": [362, 363, 364, 370], "excluded_lines": [], "start_line": 361}, "_run_config_backups_once": {"executed_lines": [], "summary": {"covered_lines": 0, "num_statements": 37, "percent_covered": 0.0, "percent_covered_display": "0", "missing_lines": 37, "excluded_lines": 0, "percent_statements_covered": 0.0, "percent_statements_covered_display": "0"}, "missing_lines": [378, 379, 381, 382, 383, 384, 386, 388, 389, 390, 391, 392, 393, 394, 395, 397, 419, 420, 421, 422, 423, 424, 425, 427, 429, 430, 433, 434, 435, 436, 438, 439, 440, 442, 443, 445, 447], "excluded_lines": [], "start_line": 376}, "_run_config_backups_once._backup_host": {"executed_lines": [], "summary": {"covered_lines": 0, "num_statements": 11, "percent_covered": 0.0, "percent_covered_display": "0", "missing_lines": 11, "excluded_lines": 0, "percent_statements_covered": 0.0, "percent_statements_covered_display": "0"}, "missing_lines": [398, 399, 400, 402, 403, 404, 405, 410, 411, 412, 417], "excluded_lines": [], "start_line": 397}, "_config_backup_loop": {"executed_lines": [457, 458, 459, 462, 463], "summary": {"covered_lines": 5, "num_statements": 9, "percent_covered": 55.55555555555556, "percent_covered_display": "56", "missing_lines": 4, "excluded_lines": 0, "percent_statements_covered": 55.55555555555556, "percent_statements_covered_display": "56"}, "missing_lines": [461, 464, 465, 466], "excluded_lines": [], "start_line": 455}, "": {"executed_lines": [5, 7, 8, 9, 11, 12, 19, 21, 23, 26, 30, 31, 32, 33, 34, 37, 50, 54, 55, 58, 59, 60, 61, 62, 63, 66, 74, 75, 79, 80, 106, 107, 114, 115, 146, 147, 165, 166, 174, 175, 179, 180, 187, 188, 206, 207, 267, 268, 341, 342, 346, 347, 360, 361, 376, 455], "summary": {"covered_lines": 56, "num_statements": 56, "percent_covered": 100.0, "percent_covered_display": "100", "missing_lines": 0, "excluded_lines": 0, "percent_statements_covered": 100.0, "percent_statements_covered_display": "100"}, "missing_lines": [], "excluded_lines": [], "start_line": 1}}, "classes": {"ConfigBackupPolicyCreate": {"executed_lines": [], "summary": {"covered_lines": 0, "num_statements": 0, "percent_covered": 100.0, "percent_covered_display": "100", "missing_lines": 0, "excluded_lines": 0, "percent_statements_covered": 100.0, "percent_statements_covered_display": "100"}, "missing_lines": [], "excluded_lines": [], "start_line": 50}, "ConfigBackupPolicyUpdate": {"executed_lines": [], "summary": {"covered_lines": 0, "num_statements": 0, "percent_covered": 100.0, "percent_covered_display": "100", "missing_lines": 0, "excluded_lines": 0, "percent_statements_covered": 100.0, "percent_statements_covered_display": "100"}, "missing_lines": [], "excluded_lines": [], "start_line": 58}, "ConfigBackupRestoreRequest": {"executed_lines": [], "summary": {"covered_lines": 0, "num_statements": 0, "percent_covered": 100.0, "percent_covered_display": "100", "missing_lines": 0, "excluded_lines": 0, "percent_statements_covered": 100.0, "percent_statements_covered_display": "100"}, "missing_lines": [], "excluded_lines": [], "start_line": 66}, "": {"executed_lines": [5, 7, 8, 9, 11, 12, 19, 21, 23, 26, 30, 31, 32, 33, 34, 37, 41, 42, 43, 44, 45, 50, 54, 55, 58, 59, 60, 61, 62, 63, 66, 74, 75, 79, 80, 106, 107, 114, 115, 146, 147, 165, 166, 174, 175, 179, 180, 187, 188, 206, 207, 267, 268, 341, 342, 346, 347, 360, 361, 376, 455, 457, 458, 459, 462, 463], "summary": {"covered_lines": 66, "num_statements": 258, "percent_covered": 25.58139534883721, "percent_covered_display": "26", "missing_lines": 192, "excluded_lines": 0, "percent_statements_covered": 25.58139534883721, "percent_statements_covered_display": "26"}, "missing_lines": [76, 81, 82, 83, 84, 85, 86, 87, 89, 91, 92, 97, 103, 108, 109, 110, 111, 116, 117, 118, 119, 120, 12
[...]
1442, 1443, 1444, 1454, 1456, 1466, 1491, 1492, 1493, 1511, 1513, 1515, 1516, 1517, 1518, 1519, 1520, 1521, 1528, 1529, 1531, 1532, 1533, 1534, 1545, 1547, 1551, 1552, 1553, 1554, 1556, 1573, 1574, 1575, 1579, 1581, 1585, 1586, 1588, 1589, 1590, 1592, 1601, 1602, 1603, 1604, 1606, 1610, 1611, 1612, 1615, 1617, 1622, 1623, 1624, 1625, 1626, 1627, 1631, 1633, 1637, 1638, 1639, 1642, 1643, 1645, 1663, 1664, 1665, 1666, 1668, 1673, 1674, 1675, 1679, 1681, 1685, 1686, 1687, 1688, 1689, 1690, 1694, 1695, 1697, 1701, 1702, 1703, 1704, 1705, 1706, 1710, 1711, 1713, 1717, 1718, 1719, 1723, 1725, 1730, 1731, 1732, 1736, 1738, 1743, 1744, 1745, 1752, 1754, 1762, 1763, 1764, 1772, 1773, 1774, 1775, 1777, 1781, 1782, 1783, 1784, 1785, 1786, 1787, 1789, 1803, 1805, 1806, 1807, 1814, 1815, 1816, 1817, 1822, 1826, 1828, 1835, 1836, 1837, 1838, 1840, 1841, 1842, 1843, 1844, 1845, 1846, 1847, 1848, 1849, 1850, 1851, 1852, 1853, 1854, 1855, 1856, 1857, 1859, 1860, 1862, 1863, 1867, 1869, 1873, 1874, 1875, 1876, 1878, 1886, 1887, 1888, 1889, 1891, 1895, 1896, 1897, 1898, 1900, 1918, 1919, 1920, 1925, 1927, 1931, 1932, 1933, 1934, 1936, 1945, 1946, 1947, 1948, 1952, 1953, 1955, 1964, 1965, 1966, 1969, 1971, 1976, 1977, 1978, 1979, 1981, 1999, 2000, 2001, 2002, 2004, 2016, 2017, 2018, 2019, 2020, 2021, 2022, 2023, 2024, 2025, 2026, 2027, 2028, 2029, 2030, 2031, 2032, 2033, 2034, 2035, 2039, 2041, 2064, 2065, 2066, 2073, 2075, 2087, 2088, 2089, 2090, 2091, 2092, 2093, 2103, 2104, 2106, 2111, 2112, 2113, 2119, 2121, 2125, 2126, 2127, 2131, 2133, 2137, 2138, 2139, 2142, 2144, 2153, 2180, 2181, 2182, 2186, 2188, 2193, 2194, 2195, 2196, 2202, 2203, 2205, 2210, 2211, 2212, 2216, 2217, 2219, 2224, 2225, 2226, 2234, 2236, 2241, 2242, 2243, 2249, 2251, 2256, 2257, 2258, 2259, 2260, 2261, 2262, 2263, 2264, 2265, 2266, 2271, 2272, 2274, 2278, 2279, 2280, 2281, 2283, 2291, 2292, 2293, 2294, 2295, 2296, 2297, 2300, 2303, 2306, 2308, 2317, 2512, 2513, 2514, 2532, 2533, 2535, 2540, 2541, 2542, 2546, 2548, 2553, 2554, 2555, 2556, 2557, 2558, 2562, 2564, 2582, 2583, 2584, 2592, 2593, 2595, 2601, 2602, 2603, 2604, 2608, 2610, 2615, 2616, 2617, 2618, 2621, 2622, 2624, 2629, 2630, 2631, 2634, 2635, 2637, 2642, 2643, 2644, 2648, 2649, 2651, 2658, 2659, 2660, 2661, 2662, 2664, 2669, 2670, 2671, 2672, 2673, 2674, 2675, 2684, 2685, 2686, 2688, 2693, 2694, 2695, 2696, 2697, 2699, 2766, 2805, 2806, 2808, 2902, 2903, 2904, 2907, 2909, 2914, 2915, 2916, 2920, 2921, 2923, 2985, 2986, 3062, 3073, 3074, 3075, 3079, 3080, 3082, 3097, 3098, 3099, 3105, 3106, 3108, 3113, 3114, 3115, 3116, 3126, 3133, 3135, 3140, 3141, 3142, 3150, 3152, 3157, 3158, 3159, 3160, 3161, 3162, 3163, 3164, 3165, 3166, 3168, 3169, 3170, 3171, 3172, 3173, 3177, 3179, 3184, 3185, 3186, 3187, 3189, 3194, 3195, 3196, 3204, 3206, 3211, 3212, 3213, 3217, 3219, 3234, 3235, 3236, 3242, 3243, 3245, 3250, 3251, 3252, 3258, 3259, 3261, 3270, 3271, 3272, 3273, 3274, 3275, 3276, 3277, 3278, 3279, 3280, 3281, 3282, 3292, 3294, 3299, 3300, 3301, 3308, 3310, 3315, 3316, 3317, 3318, 3320, 3325, 3326, 3327, 3331, 3332, 3334, 3339, 3340, 3341, 3342, 3343, 3345, 3346, 3347, 3349, 3350, 3351, 3353, 3354, 3355, 3357, 3364, 3378, 3379, 3380, 3386, 3387, 3389, 3394, 3395, 3396, 3402, 3404, 3409, 3410, 3411, 3412, 3414, 3419, 3420, 3421, 3422, 3423, 3424, 3425, 3426, 3427, 3428, 3429, 3430, 3431, 3432, 3436, 3438, 3443, 3444, 3445, 3446, 3448, 3462, 3463, 3464, 3470, 3471, 3473, 3478, 3479, 3480, 3481, 3482, 3483, 3484, 3485, 3486, 3487, 3488, 3489, 3500, 3502, 3507, 3508, 3509, 3517, 3519, 3524, 3525, 3526, 3527, 3528, 3529, 3530, 3531, 3532, 3533, 3534, 3535, 3536, 3540, 3542, 3547, 3548, 3549, 3550, 3552, 3557, 3558, 3559, 3569, 3571, 3576, 3577, 3578, 3582, 3584, 3602, 3603, 3604, 3612, 3613, 3615, 3626, 3627, 3628, 3629, 3630, 3631, 3632, 3633, 3634, 3635, 3636, 3637, 3638, 3639, 3640, 3641, 3642, 3643, 3644, 3654, 3656, 3661, 3662, 3663, 3671, 3673, 3678, 3679, 3680, 3681, 3683, 3688, 3689, 3690, 3694, 3695, 3697, 3702, 3703, 3704, 3705, 3706, 3708, 3709, 3710, 3712, 3713, 3714, 3716, 3721, 3722, 3724, 3725, 3726, 3728, 3736, 3741, 3742, 3743, 3744, 3745, 3761, 3763, 3785, 3786, 3787, 3797, 3798, 3800, 3810, 3811, 3812, 3813, 3814, 3815, 3816, 3817, 3818, 3819, 3820, 3821, 3822, 3823, 3824, 3825, 3835, 3837, 3842, 3843, 3844, 3852, 3854, 3859, 3860, 3861, 3865, 3867, 3872, 3873, 3874, 3875, 3877, 3882, 3883, 3884, 3885, 3886, 3888, 3889, 3890, 3892, 3893, 3894, 3896, 3897, 3898, 3900, 3901, 3902, 3904, 3912, 3930, 3931, 3932, 3942, 3943, 3945, 3953, 3954, 3955, 3956, 3957, 3958, 3959, 3960, 3961, 3962, 3963, 3964, 3965, 3974, 3976, 3980, 3981, 3982, 3989, 3991, 3998, 3999, 4000, 4001, 4006, 4010, 4011, 4015, 4016, 4020, 4022, 4026, 4027, 4028, 4029, 4031, 4035, 4036, 4037, 4038, 4040, 4041, 4043, 4044, 4046, 4047, 4049, 4050, 4052, 4053, 4055, 4064, 4077, 4078, 4079, 4085, 4086, 4088, 4094, 4095, 4096, 4102, 4104, 4108, 4109, 4110, 4118, 4120, 4132, 4133, 4134, 4140, 4141, 4143, 4149, 4150, 4151, 4152, 4161, 4169, 4171, 4200, 4201, 4202, 4216, 4217, 4219, 4226, 4227, 4228, 4229, 4240, 4249, 4251, 4257, 4258, 4259, 4268, 4270, 4274, 4275, 4276, 4280, 4281, 4283, 4287, 4288, 4289, 4290, 4291, 4292, 4293, 4295, 4300, 4302, 4309, 4311, 4312, 4313, 4314, 4315, 4316, 4317, 4318, 4319, 4320, 4321, 4322, 4324, 4325, 4326, 4327, 4328, 4329, 4330, 4331, 4332, 4333, 4334, 4335, 4336, 4337, 4338, 4339, 4340, 4341, 4343, 4344, 4350, 4352, 4357, 4358, 4360, 4376, 4402, 4403, 4405, 4406, 4412, 4413, 4414, 4415, 4416, 4423, 4424, 4426, 4427, 4429, 4438, 4439, 4441, 4450, 4451, 4452, 4453, 4454, 4455, 4456, 4457, 4458, 4459, 4460, 4461, 4462, 4463, 4464, 4465, 4473, 4475, 4481, 4482, 4483, 4489, 4491, 4495, 4496, 4497, 4501, 4502, 4504, 4515, 4516, 4517, 4523, 4524, 4526, 4532, 4533, 4534, 4542, 4544, 4548, 4549, 4550, 4554, 4556, 4560, 4561, 4562, 4566, 4567, 4569, 4593, 4594, 4595, 4605, 4606, 4608, 4612, 4613, 4614, 4615, 4623, 4625, 4629, 4630, 4631, 4639, 4641, 4645, 4648, 4649, 4650, 4651, 4652, 4653, 4654, 4655, 4656, 4658, 4659, 4660, 4661, 4662, 4663, 4667, 4669, 4673, 4674, 4675, 4676, 4678, 4696, 4697, 4698, 4699, 4700, 4707, 4713, 4714, 4716, 4720, 4721, 4722, 4723, 4731, 4733, 4740, 4741, 4742, 4753, 4754, 4756, 4760, 4761, 4762, 4763, 4765, 4769, 4770, 4771, 4774, 4775, 4777, 4787, 4788, 4789, 4800, 4802, 4806, 4807, 4808, 4816, 4818, 4823, 4824, 4825, 4826, 4827, 4828, 4834, 4835, 4837, 4847, 4848, 4849, 4850, 4851, 4852, 4853, 4854, 4855, 4856, 4857, 4868, 4870, 4874, 4875, 4876, 4884, 4885, 4887, 4899, 4900, 4901, 4907, 4908, 4910, 4914, 4915, 4916, 4917, 4918, 4919, 4920, 4921, 4922, 4926, 4928, 4932, 4933, 4934, 4935, 4937, 4948, 4949, 4950, 4951, 4952, 4953, 4954, 4957, 4971, 4973, 4974, 4975, 4976, 4977, 4978, 4980, 4981, 4982, 4983, 4984, 4985, 4987, 4988, 4989, 4990, 4991, 4992, 4993, 4995, 5007, 5010, 5011, 5019, 5020, 5021, 5022, 5024, 5027, 5040, 5041, 5042, 5043, 5046, 5062, 5063, 5065, 5066, 5068, 5082, 5090, 5091, 5093, 5108, 5109, 5110, 5111, 5112, 5113, 5114, 5115, 5116, 5117, 5118, 5129, 5141, 5144, 5148, 5150, 5163, 5167, 5168, 5169, 5173, 5174, 5176, 5188, 5189, 5190, 5195, 5196, 5198, 5205, 5206, 5207, 5208, 5209, 5214, 5215, 5217, 5227, 5228, 5229, 5230, 5231, 5232, 5233, 5234, 5235, 5236, 5237, 5238, 5239, 5240, 5241, 5242, 5243, 5251, 5253, 5257, 5258, 5259, 5263, 5264, 5266, 5280, 5281, 5282, 5292, 5293, 5295, 5306, 5307, 5308, 5309, 5310, 5311, 5312, 5313, 5314, 5315, 5316, 5317, 5318, 5319, 5320, 5321, 5322, 5330, 5332, 5340, 5341, 5342, 5349, 5351, 5355, 5356, 5357, 5361, 5362, 5364, 5378, 5379, 5380, 5388, 5389, 5391, 5399, 5400, 5401, 5402, 5403, 5410, 5411, 5413, 5423, 5424, 5425, 5426, 5427, 5428, 5429, 5430, 5431, 5432, 5433, 5434, 5435, 5436, 5437, 5438, 5442, 5444, 5448, 5449, 5450, 5454, 5455, 5457, 5466, 5467, 5468, 5469, 5471, 5476, 5477, 5478, 5484, 5485, 5487, 5496, 5497, 5498, 5509, 5510, 5512, 5516, 5517, 5518, 5519, 5520, 5522, 5535, 5536, 5537, 5543, 5544, 5546, 5555, 5556, 5557, 5558, 5559, 5560, 5561, 5562, 5563, 5564, 5565, 5566, 5567, 5568, 5569, 5570, 5578, 5580, 5584, 5585, 5586, 5590, 5591, 5593, 5599, 5600, 5601, 5602, 5606, 5607, 5609, 5613, 5614, 5615, 5616, 5617, 5618, 5619, 5620, 5624, 5625, 5627, 5634, 5635, 5636, 5641, 5642, 5643, 5644, 5646, 5650, 5651, 5652, 5653, 5654, 5655, 5656, 5657, 5658, 5659, 5663, 5664, 5666, 5670, 5671, 5672, 5673, 5674, 5676, 5684, 5685, 5686, 5692, 5694, 5695, 5696, 5697, 5698, 5700, 5704, 5705, 5706, 5707, 5708, 5709, 5710, 5711, 5712, 5713, 5714, 5715, 5716, 5717, 5719, 5723, 5724, 5726, 5730, 5731, 5733, 5734, 5735, 5736, 5737, 5738, 5742, 5743, 5745, 5756, 5757, 5758, 5759, 5762, 5763, 5764, 5765, 5766, 5767, 5768, 5769, 5770, 5771, 5772, 5773, 5774, 5775, 5776, 5777, 5778, 5779, 5781, 5785, 5786, 5787, 5790, 5798, 5800, 5817, 5818, 5819, 5825, 5826, 5828, 5835, 5836, 5837, 5843, 5844, 5846, 5856, 5857, 5858, 5859, 5860, 5861, 5862, 5863, 5864, 5865, 5866, 5867, 5868, 5869, 5870, 5871, 5872, 5873, 5874, 5882, 5884, 5892, 5893, 5894, 5895, 5896, 5897, 5898, 5901, 5914, 5916, 5917, 5919, 5926, 5929, 5936, 5937, 5940, 5941, 5942, 5943, 5945, 5947, 5948, 5949, 5950, 5952, 5953, 5954, 5955, 5956, 5957, 5958, 5959, 5960, 5961, 5964, 5965, 5966, 5967, 5968, 5969, 5970, 5971, 5972, 5973, 5974, 5976, 5979, 5980, 5991, 5992, 5993, 5994, 5999, 6011, 6012, 6013, 6014, 6016, 6025, 6035, 6036, 6037, 6038, 6039, 6040, 6041, 6042, 6043, 6044, 6045, 6047, 6064, 6065, 6066, 6067, 6068, 6069, 6070, 6071, 6072, 6073, 6074, 6076, 6077, 6078, 6079, 6081, 6094, 6095, 6096, 6113, 6116, 6117, 6125, 6126, 6127, 6128, 6129, 6132, 6133, 6141, 6142, 6143, 6144, 6145, 6147, 6149, 6150, 6151, 6154, 6155, 6156, 6158, 6160, 6171, 6172, 6173, 6174, 6175, 6176, 6177, 6178, 6179, 6180, 6181, 6182, 6183, 6187, 6190, 6191, 6192, 6194, 6195, 6196, 6197, 6198, 6199, 6201, 6213, 6214, 6215, 6217, 6219, 6230, 6231, 6232, 6233, 6238, 6241, 6243, 6247, 6248, 6249, 6252, 6253, 6255, 6263, 6264, 6265, 6271, 6272, 6274, 6278, 6279, 6280, 6281, 6282, 6283, 6284, 6285, 6286, 6287, 6288, 6289, 6290, 6291, 6292, 6293, 6297, 6298, 6300, 6304, 6305, 6306, 6309, 6310, 6312, 6325, 6326, 6327, 6333, 6334, 6335, 6337, 6341, 6342, 6343, 6346, 6347, 6349, 6353, 6354, 6355, 6358, 6360, 6364, 6365, 6366, 6369, 6370, 6372, 6379, 6380, 6381, 6387, 6388, 6389, 6390, 6391, 6393, 6399, 6400, 6401, 6408, 6410, 6414, 6415, 6416, 6417, 6422, 6426, 6428, 6432, 6433, 6434, 6437, 6438, 6440, 6448, 6449, 6450, 6451, 6452, 6453, 6454, 6456, 6480, 6481, 6482, 6483, 6484, 6485, 6486, 6487, 6488, 6490, 6497, 6498, 6499, 6500, 6501, 6502, 6503, 6505, 6519, 6521, 6530, 6531, 6532, 6533, 6534, 6535, 6536, 6537, 6538, 6539, 6540, 6542, 6560, 6561, 6562, 6563, 6564, 6565, 6567], "excluded_lines": [44, 45], "start_line": 1}}}, "routes\\runner.py": {"executed_lines": [9, 10, 11, 12, 16, 19, 21, 22, 25, 29, 30, 43, 44, 47, 48, 50, 54, 55, 58, 61, 62, 64, 65, 66, 71, 89, 90, 91, 92, 95, 97, 109, 112, 115, 118, 121, 127], "summary": {"covered_lines": 37, "num_statements": 66, "percent_covered": 56.06060606060606, "percent_covered_display": "56", "missing_lines": 29, "excluded_lines": 0, "percent_statements_covered": 56.06060606060606, "percent_statements_covered_display": "56"}, "missing_lines": [26, 51, 104, 110, 113, 116, 119, 122, 140, 141, 142, 143, 144, 146, 147, 148, 149, 152, 153, 154, 155, 157, 158, 162, 163, 164, 166, 167, 169], "excluded_lines": [], "functions": {"register_playbook": {"executed_lines": [21, 22], "summary": {"covered_lines": 2, "num_statements": 2, "percent_covered": 100.0, "percent_covered_display": "100", "missing_lines": 0, "excluded_lines": 0, "percent_statements_covered": 100.0, "percent_statements_covered_display": "100"}, "missing_lines": [], "excluded_lines": [], "start_line": 19}, "get_playbook_class": {"executed_lines": [], "summary": {"covered_lines": 0, "num_statements": 1, "percent_covered": 0.0, "percent_covered_display": "0", "missing_lines": 1, "excluded_lines": 0, "percent_statements_covered": 0.0, "percent_statements_covered_display": "0"}, "missing_lines": [26], "excluded_lines": [], "start_line": 25}, "list_registered_playbooks": {"executed_lines": [30], "summary": {"covered_lines": 1, "num_statements": 1, "percent_covered": 100.0, "percent_covered_display": "100", "missing_lines": 0, "excluded_lines": 0, "percent_statements_covered": 100.0, "percent_statements_covered_display": "100"}, "missing_lines": [], "excluded_lines": [], "start_line": 29}, "LogEvent.to_dict": {"executed_lines": [], "summary": {"covered_lines": 0, "num_statements": 1, "percent_covered": 0.0, "percent_covered_display": "0", "missing_lines": 1, "excluded_lines": 0, "percent_statements_covered": 0.0, "percent_statements_covered_display": "0"}, "missing_lines": [51], "excluded_lines": [], "start_line": 50}, "BasePlaybook.run": {"executed_lines": [], "summary": {"covered_lines": 0, "num_statements": 1, "percent_covered": 0.0, "percent_covered_display": "0", "missing_lines": 1, "excluded_lines": 0, "percent_statements_covered": 0.0, "percent_statements_covered_display": "0"}, "missing_lines": [104], "excluded_lines": [], "start_line": 97}, "BasePlaybook.log_info": {"executed_lines": [], "summary": {"covered_lines": 0, "num_statements": 1, "percent_covered": 0.0, "percent_covered_display": "0", "missing_lines": 1, "excluded_lines": 0, "percent_statements_covered": 0.0, "percent_statements_covered_display": "0"}, "missing_lines": [110], "excluded_lines": [], "start_line": 109}, "BasePlaybook.log_success": {"executed_lines": [], "summary": {"covered_lines": 0, "num_statements": 1, "percent_covered": 0.0, "percent_covered_display": "0", "missing_lines": 1, "excluded_lines": 0, "percent_statements_covered": 0.0, "percent_statements_covered_display": "0"}, "missing_lines": [113], "excluded_lines": [], "start_line": 112}, "BasePlaybook.log_error": {"executed_lines": [], "summary": {"covered_lines": 0, "num_statements": 1, "percent_covered": 0.0, "percent_covered_display": "0", "missing_lines": 1, "excluded_lines": 0, "percent_statements_covered": 0.0, "percent_statements_covered_display": "0"}, "missing_lines": [116], "excluded_lines": [], "start_line": 115}, "BasePlaybook.log_warn": {"executed_lines": [], "summary": {"covered_lines": 0, "num_statements": 1, "percent_covered": 0.0, "percent_covered_display": "0", "missing_lines": 1, "excluded_lines": 0, "percent_statements_covered": 0.0, "percent_statements_covered_display": "0"}, "missing_lines": [119], "excluded_lines": [], "start_line": 118}, "BasePlaybook.log_sep": {"executed_lines": [], "summary": {"covered_lines": 0, "num_statements": 1, "percent_covered": 0.0, "percent_covered_display": "0", "missing_lines": 1, "excluded_lines": 0, "percent_statements_covered": 0.0, "percent_statements_covered_display": "0"}, "missing_lines": [122], "excluded_lines": [], "start_line": 121}, "execute_playbook": {"executed_lines": [], "summary": {"covered_lines": 0, "num_statements": 21, "percent_covered": 0.0, "percent_covered_display": "0", "missing_lines": 21, "excluded_lines": 0, "percent_statements_covered": 0.0, "percent_statements_covered_display": "0"}, "missing_lines": [140, 141, 142, 143, 144, 146, 147, 148, 149, 152, 153, 154, 155, 157, 158, 162, 163, 164, 166, 167, 169], "excluded_lines": [], "start_line": 127}, "": {"executed_lines": [9, 10, 11, 12, 16, 19, 25, 29, 43, 44, 47, 48, 50, 54, 55, 58, 61, 62, 64, 65, 66, 71, 89, 90, 91, 92, 95, 97, 109, 112, 115, 118, 121, 127], "summary": {"covered_lines": 34, "num_statements": 34, "percent_covered": 100.0, "percent_covered_display": "100", "missing_lines": 0, "excluded_lines": 0, "percent_statements_covered": 100.0, "percent_statements_covered_display": "100"}, "missing_lines": [], "excluded_lines": [], "start_line": 1}}, "classes": {"LogEvent": {"executed_lines": [], "summary": {"covered_lines": 0, "num_statements": 1, "percent_covered": 0.0, "percent_covered_display": "0", "missing_lines": 1, "excluded_lines": 0, "percent_statements_covered": 0.0, "percent_statements_covered_display": "0"}, "missing_lines": [51], "excluded_lines": [], "start_line": 44}, "HostResult": {"executed_lines": [], "summary": {"covered_lines": 0, "num_statements": 0, "percent_covered": 100.0, "percent_covered_display": "100", "missing_lines": 0, "excluded_lines": 0, "percent_statements_covered": 100.0, "percent_statements_covered_display": "100"}, "missing_lines": [], "excluded_lines": [], "start_line": 55}, "PlaybookResult": {"executed_lines": [], "summary": {"covered_lines": 0, "num_statements": 0, "percent_covered": 100.0, "percent_covered_display": "100", "missing_lines": 0, "excluded_lines": 0, "percent_statements_covered": 100.0, "percent_statements_covered_display": "100"}, "missing_lines": [], "excluded_lines": [], "start_line": 62}, "BasePlaybook": {"executed_lines": [], "summary": {"covered_lines": 0, "num_statements": 6, "percent_covered": 0.0, "percent_covered_display": "0", "missing_lines": 6, "excluded_lines": 0, "percent_statements_covered": 0.0, "percent_statements_covered_display": "0"}, "missing_lines": [104, 110, 113, 116, 119, 122], "excluded_lines": [], "start_line": 71}, "": {"executed_lines": [9, 10, 11, 12, 16, 19, 21, 22, 25, 29, 30, 43, 44, 47, 48, 50, 54, 55, 58, 61, 62, 64, 65, 66, 71, 89, 90, 91, 92, 95, 97, 109, 112, 115, 118, 121, 127], "summary": {"covered_lines": 37, "num_statements": 59, "percent_covered": 62.71186440677966, "percent_covered_display": "63", "missing_lines": 22, "excluded_lines": 0, "percent_statements_covered": 62.71186440677966, "percent_statements_covered_display": "63"}, "missing_lines": [26, 140, 141, 142, 143, 144, 146, 147, 148, 149, 152, 153, 154, 155, 157, 158, 162, 163, 164, 166, 167, 169], "excluded_lines": [], "start_line": 1}}}, "routes\\seed.py": {"executed_lines": [7, 8, 9, 12, 13, 16, 18, 19, 28, 31, 32, 34, 35, 36, 37, 41, 43, 46, 68, 69, 70, 71, 72, 75, 76, 77, 78, 79, 80, 93, 123, 124, 125, 128, 134, 136, 139], "summary": {"covered_lines": 37, "num_statements": 49, "percent_covered": 75.51020408163265, "percent_covered_display": "76", "missing_lines": 12, "excluded_lines": 0, "percent_statements_covered": 75.51020408163265, "percent_statements_covered_display": "76"}, "missing_lines": [14, 38, 39, 81, 83, 84, 85, 86, 87, 88, 90, 140], "excluded_lines": [], "functions": {"seed": {"executed_lines": [32, 34, 35, 36, 37, 41, 43, 46, 68, 69, 70, 71, 72, 75, 76, 77, 78, 79, 80, 93, 123, 124, 125, 128, 134, 136], "summary": {"covered_lines": 26, "num_statements": 36, "percent_covered": 72.22222222222223, "percent_covered_display": "72", "missing_lines": 10, "excluded_lines": 0, "percent_statements_covered": 72.22222222222223, "percent_statements_covered_display": "72"}, "missing_lines": [38, 39, 81, 83, 84, 85, 86, 87, 88, 90], "excluded_lines": [], "start_line": 31}, "": {"executed_lines": [7, 8, 9, 12, 13, 16, 18, 19, 28, 31, 139], "summary": {"covered_lines": 11, "num_statements": 13, "percent_covered": 84.61538461538461, "percent_covered_display": "85", "missing_lines": 2, "excluded_lines": 0, "percent_statements_covered": 84.61538461538461, "percent_statements_covered_display": "85"}, "missing_lines": [14, 140], "excluded_lines": [], "start_line": 1}}, "classes": {"": {"executed_lines": [7, 8, 9, 12, 13, 16, 18, 19, 28, 31, 32, 34, 35, 36, 37, 41, 43, 46, 68, 69, 70, 71, 72, 75, 76, 77, 78, 79, 80, 93, 123, 124, 125, 128, 134, 136, 139], "summary": {"covered_lines": 37, "num_statements": 49, "percent_covered": 75.51020408163265, "percent_covered_display": "76", "missing_lines": 12, "excluded_lines": 0, "percent_statements_covered": 75.51020408163265, "percent_statements_covered_display": "76"}, "missing_lines": [14, 38, 39, 81, 83, 84, 85, 86, 87, 88, 90, 140], "excluded_lines": [], "start_line": 1}}}}, "totals": {"covered_lines": 3381, "num_statements": 9954, "percent_covered": 33.9662447257384, "percent_covered_display": "34", "missing_lines": 6573, "excluded_lines": 2, "percent_statements_covered": 33.9662447257384, "percent_statements_covered_display": "34"}}